2024-08-16 03:23:00.520 [info] Extension host with pid 1785 started
2024-08-16 03:23:00.520 [error] Error: EEXIST: file already exists, open '/home/kc2m1/.vscode-server/data/User/workspaceStorage/b0ed18c16ec03338b92058889f6f1d51/vscode.lock'
2024-08-16 03:23:00.553 [info] Lock '/home/kc2m1/.vscode-server/data/User/workspaceStorage/b0ed18c16ec03338b92058889f6f1d51/vscode.lock': Could not acquire lock, checking if the file is stale.
2024-08-16 03:23:00.561 [info] Lock '/home/kc2m1/.vscode-server/data/User/workspaceStorage/b0ed18c16ec03338b92058889f6f1d51/vscode.lock': The pid 1731 appears to be gone.
2024-08-16 03:23:00.561 [info] Lock '/home/kc2m1/.vscode-server/data/User/workspaceStorage/b0ed18c16ec03338b92058889f6f1d51/vscode.lock': Deleting a stale lock.
2024-08-16 03:23:00.567 [info] Lock '/home/kc2m1/.vscode-server/data/User/workspaceStorage/b0ed18c16ec03338b92058889f6f1d51/vscode.lock': Lock acquired.
2024-08-16 03:23:00.875 [info] ExtensionService#_doActivateExtension vscode.tunnel-forwarding, startup: false, activationEvent: 'onTunnel'
2024-08-16 03:23:00.878 [info] ExtensionService#_doActivateExtension vscode.emmet, startup: false, activationEvent: 'onLanguage'
2024-08-16 03:23:01.345 [info] ExtensionService#_doActivateExtension vscode.git-base, startup: true, activationEvent: '*', root cause: vscode.git
2024-08-16 03:23:01.380 [info] ExtensionService#_doActivateExtension vscode.git, startup: true, activationEvent: '*'
2024-08-16 03:23:01.381 [info] ExtensionService#_doActivateExtension vscode.github, startup: true, activationEvent: '*'
2024-08-16 03:23:03.545 [info] Eager extensions activated
2024-08-16 03:23:03.545 [info] ExtensionService#_doActivateExtension vscode.debug-auto-launch, startup: false, activationEvent: 'onStartupFinished'
2024-08-16 03:23:03.546 [info] ExtensionService#_doActivateExtension vscode.merge-conflict, startup: false, activationEvent: 'onStartupFinished'
2024-08-16 03:24:21.796 [info] ExtensionService#_doActivateExtension ms-vscode.makefile-tools, startup: false, activationEvent: 'workspaceContains:**/makefile,**/Makefile,**/GNUmakefile'
2024-08-16 03:28:44.307 [info] ExtensionService#_doActivateExtension akhail.save-typing, startup: false, activationEvent: '*'
2024-08-16 03:29:23.746 [info] ExtensionService#_doActivateExtension vscode.npm, startup: false, activationEvent: 'onTerminalQuickFixRequest:ms-vscode.npm-command'
2024-08-16 03:41:16.104 [info] ExtensionService#_doActivateExtension vscode.typescript-language-features, startup: false, activationEvent: 'onLanguage:javascript'
2024-08-16 03:41:30.994 [error] Error: Client network socket disconnected before secure TLS connection was established
	at TLSSocket.onConnectEnd (node:_tls_wrap:1727:19)
	at TLSSocket.emit (node:events:531:35)
	at endReadableNT (node:internal/streams/readable:1696:12)
	at process.processTicksAndRejections (node:internal/process/task_queues:82:21)
2024-08-16 04:11:30.138 [error] Error: Client network socket disconnected before secure TLS connection was established
	at TLSSocket.onConnectEnd (node:_tls_wrap:1727:19)
	at TLSSocket.emit (node:events:531:35)
	at endReadableNT (node:internal/streams/readable:1696:12)
	at process.processTicksAndRejections (node:internal/process/task_queues:82:21)
