0 verbose cli /usr/bin/node /usr/bin/npm
1 info using npm@9.2.0
2 info using node@v18.19.1
3 timing npm:load:whichnode Completed in 0ms
4 timing config:load:defaults Completed in 3ms
5 timing config:load:file:/usr/share/nodejs/npm/npmrc Completed in 8ms
6 timing config:load:builtin Completed in 8ms
7 timing config:load:cli Completed in 2ms
8 timing config:load:env Completed in 1ms
9 timing config:load:file:/home/kc2m1/todo-service/.npmrc Completed in 0ms
10 timing config:load:project Completed in 2ms
11 timing config:load:file:/home/kc2m1/.npmrc Completed in 0ms
12 timing config:load:user Completed in 1ms
13 timing config:load:file:/etc/npmrc Completed in 0ms
14 timing config:load:global Completed in 0ms
15 timing config:load:setEnvs Completed in 1ms
16 timing config:load Completed in 19ms
17 timing npm:load:configload Completed in 20ms
18 timing npm:load:mkdirpcache Completed in 1ms
19 timing npm:load:mkdirplogs Completed in 0ms
20 verbose title npm install dotenv
21 verbose argv "install" "dotenv"
22 timing npm:load:setTitle Completed in 3ms
23 timing config:load:flatten Completed in 7ms
24 timing npm:load:display Completed in 8ms
25 verbose logfile logs-max:10 dir:/home/kc2m1/.npm/_logs/2024-08-17T13_57_17_553Z-
26 verbose logfile /home/kc2m1/.npm/_logs/2024-08-17T13_57_17_553Z-debug-0.log
27 timing npm:load:logFile Completed in 14ms
28 timing npm:load:timers Completed in 0ms
29 timing npm:load:configScope Completed in 0ms
30 timing npm:load Completed in 48ms
31 silly logfile start cleaning logs, removing 1 files
32 timing config:load:flatten Completed in 1ms
33 timing arborist:ctor Completed in 2ms
34 silly logfile done cleaning log files
35 timing idealTree:init Completed in 114ms
36 timing idealTree:userRequests Completed in 3ms
37 silly idealTree buildDeps
38 silly fetch manifest dotenv@*
39 verbose shrinkwrap failed to load node_modules/.package-lock.json missing from lockfile: node_modules/node/node_modules/node-bin-setup
40 http fetch GET 200 https://registry.npmjs.org/dotenv 425ms (cache revalidated)
41 silly placeDep ROOT dotenv@16.4.5 OK for: todo-service@1.0.0 want: *
42 timing idealTree:#root Completed in 441ms
43 timing idealTree:node_modules/dotenv Completed in 0ms
44 timing idealTree:buildDeps Completed in 443ms
45 timing idealTree:fixDepFlags Completed in 1ms
46 timing idealTree Completed in 568ms
47 timing reify:loadTrees Completed in 571ms
48 timing reify:diffTrees Completed in 8ms
49 silly reify mark retired [
49 silly reify   '/home/kc2m1/todo-service/node_modules/node/node_modules/node-bin-setup'
49 silly reify ]
50 silly reify mark retired [
50 silly reify   '/home/kc2m1/todo-service/node_modules/node/node_modules/node-linux-x64',
50 silly reify   '/home/kc2m1/todo-service/node_modules/node/node_modules/.bin/node'
50 silly reify ]
51 silly reify moves {
51 silly reify   '/home/kc2m1/todo-service/node_modules/node/node_modules/node-bin-setup': '/home/kc2m1/todo-service/node_modules/node/node_modules/.node-bin-setup-GCAQtEKB',
51 silly reify   '/home/kc2m1/todo-service/node_modules/node/node_modules/node-linux-x64': '/home/kc2m1/todo-service/node_modules/node/node_modules/.node-linux-x64-Ngu2c53z',
51 silly reify   '/home/kc2m1/todo-service/node_modules/node/node_modules/.bin/node': '/home/kc2m1/todo-service/node_modules/node/node_modules/.bin/.node-WPzGQk67'
51 silly reify }
52 timing reify:retireShallow Completed in 7ms
53 timing reify:createSparse Completed in 1ms
54 timing reify:loadBundles Completed in 0ms
55 silly audit bulk request {
55 silly audit   accepts: [ '1.3.8' ],
55 silly audit   'array-flatten': [ '1.1.1' ],
55 silly audit   'body-parser': [ '1.20.2' ],
55 silly audit   bytes: [ '3.1.2' ],
55 silly audit   'call-bind': [ '1.0.7' ],
55 silly audit   'content-disposition': [ '0.5.4' ],
55 silly audit   'content-type': [ '1.0.5' ],
55 silly audit   cookie: [ '0.6.0' ],
55 silly audit   'cookie-signature': [ '1.0.6' ],
55 silly audit   debug: [ '2.6.9' ],
55 silly audit   'define-data-property': [ '1.1.4' ],
55 silly audit   depd: [ '2.0.0' ],
55 silly audit   destroy: [ '1.2.0' ],
55 silly audit   'ee-first': [ '1.1.1' ],
55 silly audit   encodeurl: [ '1.0.2' ],
55 silly audit   'es-define-property': [ '1.0.0' ],
55 silly audit   'es-errors': [ '1.3.0' ],
55 silly audit   'escape-html': [ '1.0.3' ],
55 silly audit   etag: [ '1.8.1' ],
55 silly audit   express: [ '4.19.2' ],
55 silly audit   finalhandler: [ '1.2.0' ],
55 silly audit   forwarded: [ '0.2.0' ],
55 silly audit   fresh: [ '0.5.2' ],
55 silly audit   'function-bind': [ '1.1.2' ],
55 silly audit   'get-intrinsic': [ '1.2.4' ],
55 silly audit   gopd: [ '1.0.1' ],
55 silly audit   'has-property-descriptors': [ '1.0.2' ],
55 silly audit   'has-proto': [ '1.0.3' ],
55 silly audit   'has-symbols': [ '1.0.3' ],
55 silly audit   hasown: [ '2.0.2' ],
55 silly audit   'http-errors': [ '2.0.0' ],
55 silly audit   'iconv-lite': [ '0.4.24' ],
55 silly audit   inherits: [ '2.0.4' ],
55 silly audit   'ipaddr.js': [ '1.9.1' ],
55 silly audit   'media-typer': [ '0.3.0' ],
55 silly audit   'merge-descriptors': [ '1.0.1' ],
55 silly audit   methods: [ '1.1.2' ],
55 silly audit   mime: [ '1.6.0' ],
55 silly audit   'mime-db': [ '1.52.0' ],
55 silly audit   'mime-types': [ '2.1.35' ],
55 silly audit   ms: [ '2.0.0', '2.1.3' ],
55 silly audit   negotiator: [ '0.6.3' ],
55 silly audit   node: [ '22.6.0' ],
55 silly audit   'node-bin-setup': [ '1.1.3' ],
55 silly audit   'object-inspect': [ '1.13.2' ],
55 silly audit   'on-finished': [ '2.4.1' ],
55 silly audit   parseurl: [ '1.3.3' ],
55 silly audit   'path-to-regexp': [ '0.1.7' ],
55 silly audit   'proxy-addr': [ '2.0.7' ],
55 silly audit   qs: [ '6.11.0' ],
55 silly audit   'range-parser': [ '1.2.1' ],
55 silly audit   'raw-body': [ '2.5.2' ],
55 silly audit   'safe-buffer': [ '5.2.1' ],
55 silly audit   'safer-buffer': [ '2.1.2' ],
55 silly audit   send: [ '0.18.0' ],
55 silly audit   'serve-static': [ '1.15.0' ],
55 silly audit   'set-function-length': [ '1.2.2' ],
55 silly audit   setprototypeof: [ '1.2.0' ],
55 silly audit   'side-channel': [ '1.0.6' ],
55 silly audit   statuses: [ '2.0.1' ],
55 silly audit   toidentifier: [ '1.0.1' ],
55 silly audit   'type-is': [ '1.6.18' ],
55 silly audit   unpipe: [ '1.0.0' ],
55 silly audit   'utils-merge': [ '1.0.1' ],
55 silly audit   vary: [ '1.1.2' ],
55 silly audit   dotenv: [ '16.4.5' ]
55 silly audit }
56 timing reifyNode:node_modules/dotenv Completed in 41ms
57 timing reify:unpack Completed in 43ms
58 timing reify:unretire Completed in 0ms
59 timing build:queue Completed in 0ms
60 timing build:deps Completed in 1ms
61 timing build Completed in 2ms
62 timing reify:build Completed in 3ms
63 http fetch POST 200 https://registry.npmjs.org/-/npm/v1/security/advisories/bulk 294ms
64 timing auditReport:getReport Completed in 299ms
65 silly audit report {}
66 timing auditReport:init Completed in 0ms
67 timing reify:audit Completed in 300ms
68 timing reify:trash Completed in 255ms
69 timing reify:save Completed in 37ms
70 timing reify Completed in 958ms
71 silly ADD node_modules/dotenv
72 silly REMOVE node_modules/node/node_modules/node-linux-x64
73 silly REMOVE node_modules/node/node_modules/node-bin-setup
74 timing command:install Completed in 974ms
75 verbose exit 0
76 timing npm Completed in 1046ms
77 info ok
