0 verbose cli /usr/bin/node /usr/bin/npm
1 info using npm@9.2.0
2 info using node@v18.19.1
3 timing npm:load:whichnode Completed in 0ms
4 timing config:load:defaults Completed in 4ms
5 timing config:load:file:/usr/share/nodejs/npm/npmrc Completed in 10ms
6 timing config:load:builtin Completed in 10ms
7 timing config:load:cli Completed in 3ms
8 timing config:load:env Completed in 1ms
9 timing config:load:file:/home/kc2m1/.cache/typescript/5.5/.npmrc Completed in 0ms
10 timing config:load:project Completed in 3ms
11 timing config:load:file:/home/kc2m1/.npmrc Completed in 0ms
12 timing config:load:user Completed in 1ms
13 timing config:load:file:/etc/npmrc Completed in 0ms
14 timing config:load:global Completed in 0ms
15 timing config:load:setEnvs Completed in 2ms
16 timing config:load Completed in 25ms
17 timing npm:load:configload Completed in 26ms
18 timing npm:load:mkdirpcache Completed in 0ms
19 timing npm:load:mkdirplogs Completed in 1ms
20 verbose title npm install @types/express@ts5.5 @types/node@ts5.5 @types/uuid@ts5.5
21 verbose argv "install" "--ignore-scripts" "@types/express@ts5.5" "@types/node@ts5.5" "@types/uuid@ts5.5" "--save-dev" "--user-agent" "typesInstaller/5.5.4"
22 timing npm:load:setTitle Completed in 3ms
23 timing config:load:flatten Completed in 7ms
24 timing npm:load:display Completed in 8ms
25 verbose logfile logs-max:10 dir:/home/kc2m1/.npm/_logs/2024-08-18T04_54_06_617Z-
26 verbose logfile /home/kc2m1/.npm/_logs/2024-08-18T04_54_06_617Z-debug-0.log
27 timing npm:load:logFile Completed in 15ms
28 timing npm:load:timers Completed in 0ms
29 timing npm:load:configScope Completed in 0ms
30 timing npm:load Completed in 55ms
31 timing config:load:flatten Completed in 1ms
32 timing arborist:ctor Completed in 1ms
33 silly logfile start cleaning logs, removing 1 files
34 silly logfile done cleaning log files
35 timing idealTree:init Completed in 56ms
36 timing arborist:ctor Completed in 0ms
37 http fetch GET 200 https://registry.npmjs.org/@types%2fuuid 273ms (cache revalidated)
38 http fetch GET 200 https://registry.npmjs.org/@types%2fexpress 291ms (cache revalidated)
39 http fetch GET 200 https://registry.npmjs.org/@types%2fnode 362ms (cache revalidated)
40 timing idealTree:userRequests Completed in 440ms
41 silly idealTree buildDeps
42 silly fetch manifest @types/express@4.17.21
43 silly fetch manifest @types/node@22.4.0
44 silly fetch manifest @types/uuid@10.0.0
45 silly placeDep ROOT @types/express@4.17.21 REPLACE for:  want: 4.17.21
46 silly placeDep ROOT @types/node@22.4.0 REPLACE for:  want: 22.4.0
47 silly placeDep ROOT @types/uuid@10.0.0 REPLACE for:  want: 10.0.0
48 timing idealTree:#root Completed in 22ms
49 timing idealTree:node_modules/@types/express Completed in 0ms
50 timing idealTree:node_modules/@types/node Completed in 0ms
51 timing idealTree:node_modules/@types/uuid Completed in 0ms
52 timing idealTree:buildDeps Completed in 25ms
53 timing idealTree:fixDepFlags Completed in 1ms
54 timing idealTree Completed in 526ms
55 timing reify:loadTrees Completed in 527ms
56 timing reify:diffTrees Completed in 4ms
57 silly reify moves {}
58 timing reify:retireShallow Completed in 2ms
59 timing reify:createSparse Completed in 1ms
60 timing reify:loadBundles Completed in 0ms
61 silly audit bulk request {
61 silly audit   '@types/body-parser': [ '1.19.5' ],
61 silly audit   '@types/connect': [ '3.4.38' ],
61 silly audit   '@types/d': [ '1.0.4' ],
61 silly audit   '@types/dot': [ '1.1.7' ],
61 silly audit   '@types/express-serve-static-core': [ '4.19.5' ],
61 silly audit   '@types/http-errors': [ '2.0.4' ],
61 silly audit   '@types/mime': [ '1.3.5' ],
61 silly audit   '@types/qs': [ '6.9.15' ],
61 silly audit   '@types/range-parser': [ '1.2.7' ],
61 silly audit   '@types/send': [ '0.17.4' ],
61 silly audit   '@types/serve-static': [ '1.15.7' ],
61 silly audit   'types-registry': [ '0.1.685' ],
61 silly audit   'undici-types': [ '6.19.6' ],
61 silly audit   '@types/express': [ '4.17.21' ],
61 silly audit   '@types/node': [ '22.4.0' ],
61 silly audit   '@types/uuid': [ '10.0.0' ]
61 silly audit }
62 timing reify:unpack Completed in 0ms
63 timing reify:unretire Completed in 0ms
64 timing build:queue Completed in 0ms
65 timing build:deps Completed in 1ms
66 timing build Completed in 1ms
67 timing reify:build Completed in 2ms
68 timing reify:trash Completed in 0ms
69 timing reify:save Completed in 20ms
70 http fetch POST 200 https://registry.npmjs.org/-/npm/v1/security/advisories/bulk 281ms
71 timing auditReport:getReport Completed in 286ms
72 silly audit report {}
73 timing auditReport:init Completed in 0ms
74 timing reify:audit Completed in 286ms
75 timing reify Completed in 832ms
76 timing command:install Completed in 843ms
77 verbose exit 0
78 timing npm Completed in 918ms
79 info ok
