0 verbose cli /usr/bin/node /usr/bin/npm
1 info using npm@9.2.0
2 info using node@v18.19.1
3 timing npm:load:whichnode Completed in 0ms
4 timing config:load:defaults Completed in 3ms
5 timing config:load:file:/usr/share/nodejs/npm/npmrc Completed in 14ms
6 timing config:load:builtin Completed in 14ms
7 timing config:load:cli Completed in 4ms
8 timing config:load:env Completed in 1ms
9 timing config:load:file:/home/kc2m1/.cache/typescript/5.5/.npmrc Completed in 0ms
10 timing config:load:project Completed in 3ms
11 timing config:load:file:/home/kc2m1/.npmrc Completed in 0ms
12 timing config:load:user Completed in 0ms
13 timing config:load:file:/etc/npmrc Completed in 0ms
14 timing config:load:global Completed in 1ms
15 timing config:load:setEnvs Completed in 2ms
16 timing config:load Completed in 28ms
17 timing npm:load:configload Completed in 29ms
18 timing npm:load:mkdirpcache Completed in 0ms
19 timing npm:load:mkdirplogs Completed in 1ms
20 verbose title npm install @types/express@ts5.5
21 verbose argv "install" "--ignore-scripts" "@types/express@ts5.5" "--save-dev" "--user-agent" "typesInstaller/5.5.4"
22 timing npm:load:setTitle Completed in 2ms
23 timing config:load:flatten Completed in 7ms
24 timing npm:load:display Completed in 9ms
25 verbose logfile logs-max:10 dir:/home/kc2m1/.npm/_logs/2024-08-15T05_45_53_718Z-
26 verbose logfile /home/kc2m1/.npm/_logs/2024-08-15T05_45_53_718Z-debug-0.log
27 timing npm:load:logFile Completed in 14ms
28 timing npm:load:timers Completed in 0ms
29 timing npm:load:configScope Completed in 0ms
30 timing npm:load Completed in 55ms
31 silly logfile done cleaning log files
32 timing config:load:flatten Completed in 1ms
33 timing arborist:ctor Completed in 1ms
34 timing idealTree:init Completed in 30ms
35 timing arborist:ctor Completed in 1ms
36 http fetch GET 200 https://registry.npmjs.org/@types%2fexpress 204ms (cache miss)
37 timing idealTree:userRequests Completed in 219ms
38 silly idealTree buildDeps
39 silly fetch manifest @types/express@4.17.21
40 silly placeDep ROOT @types/express@4.17.21 OK for:  want: 4.17.21
41 silly fetch manifest @types/qs@*
42 silly fetch manifest @types/body-parser@*
43 silly fetch manifest @types/serve-static@*
44 silly fetch manifest @types/express-serve-static-core@^4.17.33
45 http fetch GET 200 https://registry.npmjs.org/@types%2fqs 64ms (cache miss)
46 http fetch GET 200 https://registry.npmjs.org/@types%2fserve-static 277ms (cache miss)
47 http fetch GET 200 https://registry.npmjs.org/@types%2fexpress-serve-static-core 288ms (cache miss)
48 http fetch GET 200 https://registry.npmjs.org/@types%2fbody-parser 292ms (cache miss)
49 timing idealTree:#root Completed in 307ms
50 silly placeDep ROOT @types/body-parser@1.19.5 OK for: @types/express@4.17.21 want: *
51 silly placeDep ROOT @types/express-serve-static-core@4.19.5 OK for: @types/express@4.17.21 want: ^4.17.33
52 silly placeDep ROOT @types/qs@6.9.15 OK for: @types/express@4.17.21 want: *
53 silly placeDep ROOT @types/serve-static@1.15.7 OK for: @types/express@4.17.21 want: *
54 silly fetch manifest @types/node@*
55 silly fetch manifest @types/connect@*
56 silly fetch manifest @types/send@*
57 silly fetch manifest @types/range-parser@*
58 silly fetch manifest @types/http-errors@*
59 http fetch GET 200 https://registry.npmjs.org/@types%2fhttp-errors 275ms (cache miss)
60 http fetch GET 200 https://registry.npmjs.org/@types%2fsend 342ms (cache miss)
61 http fetch GET 200 https://registry.npmjs.org/@types%2fconnect 352ms (cache miss)
62 http fetch GET 200 https://registry.npmjs.org/@types%2frange-parser 353ms (cache miss)
63 http fetch GET 200 https://registry.npmjs.org/@types%2fnode 425ms (cache miss)
64 timing idealTree:node_modules/@types/express Completed in 450ms
65 silly placeDep ROOT @types/connect@3.4.38 OK for: @types/body-parser@1.19.5 want: *
66 silly placeDep ROOT @types/node@22.3.0 OK for: @types/body-parser@1.19.5 want: *
67 silly fetch manifest undici-types@~6.18.2
68 http fetch GET 200 https://registry.npmjs.org/undici-types 35ms (cache miss)
69 timing idealTree:node_modules/@types/body-parser Completed in 47ms
70 timing idealTree:node_modules/@types/connect Completed in 0ms
71 silly placeDep ROOT @types/range-parser@1.2.7 OK for: @types/express-serve-static-core@4.19.5 want: *
72 silly placeDep ROOT @types/send@0.17.4 OK for: @types/express-serve-static-core@4.19.5 want: *
73 silly fetch manifest @types/mime@^1
74 http fetch GET 200 https://registry.npmjs.org/@types%2fmime 261ms (cache miss)
75 timing idealTree:node_modules/@types/express-serve-static-core Completed in 269ms
76 silly placeDep ROOT undici-types@6.18.2 OK for: @types/node@22.3.0 want: ~6.18.2
77 timing idealTree:node_modules/@types/node Completed in 3ms
78 timing idealTree:node_modules/@types/qs Completed in 0ms
79 timing idealTree:node_modules/@types/range-parser Completed in 0ms
80 silly placeDep ROOT @types/mime@1.3.5 OK for: @types/send@0.17.4 want: ^1
81 timing idealTree:node_modules/@types/send Completed in 2ms
82 timing idealTree:node_modules/@types/mime Completed in 0ms
83 silly placeDep ROOT @types/http-errors@2.0.4 OK for: @types/serve-static@1.15.7 want: *
84 timing idealTree:node_modules/@types/serve-static Completed in 4ms
85 timing idealTree:node_modules/@types/http-errors Completed in 0ms
86 timing idealTree:node_modules/undici-types Completed in 0ms
87 timing idealTree:buildDeps Completed in 1085ms
88 timing idealTree:fixDepFlags Completed in 1ms
89 timing idealTree Completed in 1337ms
90 timing reify:loadTrees Completed in 1338ms
91 timing reify:diffTrees Completed in 4ms
92 silly reify moves {}
93 timing reify:retireShallow Completed in 2ms
94 timing reify:createSparse Completed in 22ms
95 timing reify:loadBundles Completed in 0ms
96 silly audit bulk request {
96 silly audit   'types-registry': [ '0.1.685' ],
96 silly audit   '@types/express': [ '4.17.21' ],
96 silly audit   '@types/body-parser': [ '1.19.5' ],
96 silly audit   '@types/express-serve-static-core': [ '4.19.5' ],
96 silly audit   '@types/qs': [ '6.9.15' ],
96 silly audit   '@types/serve-static': [ '1.15.7' ],
96 silly audit   '@types/connect': [ '3.4.38' ],
96 silly audit   '@types/node': [ '22.3.0' ],
96 silly audit   '@types/range-parser': [ '1.2.7' ],
96 silly audit   '@types/send': [ '0.17.4' ],
96 silly audit   'undici-types': [ '6.18.2' ],
96 silly audit   '@types/mime': [ '1.3.5' ],
96 silly audit   '@types/http-errors': [ '2.0.4' ]
96 silly audit }
97 silly tarball no local data for @types/http-errors@https://registry.npmjs.org/@types/http-errors/-/http-errors-2.0.4.tgz. Extracting by manifest.
98 silly tarball no local data for @types/mime@https://registry.npmjs.org/@types/mime/-/mime-1.3.5.tgz. Extracting by manifest.
99 silly tarball no local data for undici-types@https://registry.npmjs.org/undici-types/-/undici-types-6.18.2.tgz. Extracting by manifest.
100 silly tarball no local data for @types/send@https://registry.npmjs.org/@types/send/-/send-0.17.4.tgz. Extracting by manifest.
101 silly tarball no local data for @types/node@https://registry.npmjs.org/@types/node/-/node-22.3.0.tgz. Extracting by manifest.
102 silly tarball no local data for @types/connect@https://registry.npmjs.org/@types/connect/-/connect-3.4.38.tgz. Extracting by manifest.
103 silly tarball no local data for @types/range-parser@https://registry.npmjs.org/@types/range-parser/-/range-parser-1.2.7.tgz. Extracting by manifest.
104 silly tarball no local data for @types/serve-static@https://registry.npmjs.org/@types/serve-static/-/serve-static-1.15.7.tgz. Extracting by manifest.
105 silly tarball no local data for @types/qs@https://registry.npmjs.org/@types/qs/-/qs-6.9.15.tgz. Extracting by manifest.
106 silly tarball no local data for @types/express-serve-static-core@https://registry.npmjs.org/@types/express-serve-static-core/-/express-serve-static-core-4.19.5.tgz. Extracting by manifest.
107 silly tarball no local data for @types/body-parser@https://registry.npmjs.org/@types/body-parser/-/body-parser-1.19.5.tgz. Extracting by manifest.
108 silly tarball no local data for @types/express@https://registry.npmjs.org/@types/express/-/express-4.17.21.tgz. Extracting by manifest.
109 http fetch GET 200 https://registry.npmjs.org/@types/mime/-/mime-1.3.5.tgz 223ms (cache miss)
110 timing reifyNode:node_modules/@types/mime Completed in 259ms
111 http fetch GET 200 https://registry.npmjs.org/@types/http-errors/-/http-errors-2.0.4.tgz 226ms (cache miss)
112 timing reifyNode:node_modules/@types/http-errors Completed in 262ms
113 http fetch GET 200 https://registry.npmjs.org/@types/send/-/send-0.17.4.tgz 223ms (cache miss)
114 timing reifyNode:node_modules/@types/send Completed in 261ms
115 http fetch POST 200 https://registry.npmjs.org/-/npm/v1/security/advisories/bulk 291ms
116 timing auditReport:getReport Completed in 297ms
117 silly audit report {}
118 timing auditReport:init Completed in 0ms
119 timing reify:audit Completed in 299ms
120 http fetch GET 200 https://registry.npmjs.org/undici-types/-/undici-types-6.18.2.tgz 264ms (cache miss)
121 timing reifyNode:node_modules/undici-types Completed in 326ms
122 http fetch GET 200 https://registry.npmjs.org/@types/qs/-/qs-6.9.15.tgz 308ms (cache miss)
123 timing reifyNode:node_modules/@types/qs Completed in 353ms
124 http fetch GET 200 https://registry.npmjs.org/@types/range-parser/-/range-parser-1.2.7.tgz 315ms (cache miss)
125 timing reifyNode:node_modules/@types/range-parser Completed in 357ms
126 http fetch GET 200 https://registry.npmjs.org/@types/serve-static/-/serve-static-1.15.7.tgz 316ms (cache miss)
127 timing reifyNode:node_modules/@types/serve-static Completed in 358ms
128 http fetch GET 200 https://registry.npmjs.org/@types/connect/-/connect-3.4.38.tgz 319ms (cache miss)
129 timing reifyNode:node_modules/@types/connect Completed in 359ms
130 http fetch GET 200 https://registry.npmjs.org/@types/body-parser/-/body-parser-1.19.5.tgz 301ms (cache miss)
131 timing reifyNode:node_modules/@types/body-parser Completed in 359ms
132 http fetch GET 200 https://registry.npmjs.org/@types/express/-/express-4.17.21.tgz 302ms (cache miss)
133 timing reifyNode:node_modules/@types/express Completed in 362ms
134 http fetch GET 200 https://registry.npmjs.org/@types/express-serve-static-core/-/express-serve-static-core-4.19.5.tgz 322ms (cache miss)
135 timing reifyNode:node_modules/@types/express-serve-static-core Completed in 369ms
136 http fetch GET 200 https://registry.npmjs.org/@types/node/-/node-22.3.0.tgz 454ms (cache miss)
137 timing reifyNode:node_modules/@types/node Completed in 493ms
138 timing reify:unpack Completed in 495ms
139 timing reify:unretire Completed in 0ms
140 timing build:queue Completed in 1ms
141 timing build:deps Completed in 2ms
142 timing build Completed in 2ms
143 timing reify:build Completed in 2ms
144 timing reify:trash Completed in 0ms
145 timing reify:save Completed in 16ms
146 timing reify Completed in 1897ms
147 silly ADD node_modules/@types/http-errors
148 silly ADD node_modules/@types/mime
149 silly ADD node_modules/undici-types
150 silly ADD node_modules/@types/send
151 silly ADD node_modules/@types/range-parser
152 silly ADD node_modules/@types/node
153 silly ADD node_modules/@types/connect
154 silly ADD node_modules/@types/serve-static
155 silly ADD node_modules/@types/qs
156 silly ADD node_modules/@types/express-serve-static-core
157 silly ADD node_modules/@types/body-parser
158 silly ADD node_modules/@types/express
159 timing command:install Completed in 1907ms
160 verbose exit 0
161 timing npm Completed in 1985ms
162 info ok
