0 verbose cli /usr/bin/node /usr/bin/npm
1 info using npm@9.2.0
2 info using node@v18.19.1
3 timing npm:load:whichnode Completed in 0ms
4 timing config:load:defaults Completed in 3ms
5 timing config:load:file:/usr/share/nodejs/npm/npmrc Completed in 4ms
6 timing config:load:builtin Completed in 4ms
7 timing config:load:cli Completed in 4ms
8 timing config:load:env Completed in 1ms
9 timing config:load:file:/home/kc2m1/.cache/typescript/5.5/.npmrc Completed in 1ms
10 timing config:load:project Completed in 3ms
11 timing config:load:file:/home/kc2m1/.npmrc Completed in 0ms
12 timing config:load:user Completed in 0ms
13 timing config:load:file:/etc/npmrc Completed in 0ms
14 timing config:load:global Completed in 0ms
15 timing config:load:setEnvs Completed in 2ms
16 timing config:load Completed in 18ms
17 timing npm:load:configload Completed in 18ms
18 timing npm:load:mkdirpcache Completed in 0ms
19 timing npm:load:mkdirplogs Completed in 1ms
20 verbose title npm install @types/node@ts5.5
21 verbose argv "install" "--ignore-scripts" "@types/node@ts5.5" "--save-dev" "--user-agent" "typesInstaller/5.5.4"
22 timing npm:load:setTitle Completed in 3ms
23 timing config:load:flatten Completed in 7ms
24 timing npm:load:display Completed in 9ms
25 verbose logfile logs-max:10 dir:/home/kc2m1/.npm/_logs/2024-08-17T13_55_50_829Z-
26 verbose logfile /home/kc2m1/.npm/_logs/2024-08-17T13_55_50_829Z-debug-0.log
27 timing npm:load:logFile Completed in 14ms
28 timing npm:load:timers Completed in 0ms
29 timing npm:load:configScope Completed in 0ms
30 timing npm:load Completed in 47ms
31 silly logfile start cleaning logs, removing 1 files
32 timing config:load:flatten Completed in 1ms
33 timing arborist:ctor Completed in 2ms
34 silly logfile done cleaning log files
35 timing idealTree:init Completed in 54ms
36 timing arborist:ctor Completed in 1ms
37 http fetch GET 200 https://registry.npmjs.org/@types%2fnode 367ms (cache updated)
38 timing idealTree:userRequests Completed in 391ms
39 silly idealTree buildDeps
40 silly fetch manifest @types/node@22.4.0
41 silly placeDep ROOT @types/node@22.4.0 REPLACE for:  want: 22.4.0
42 silly fetch manifest undici-types@~6.19.2
43 http fetch GET 200 https://registry.npmjs.org/undici-types 53ms (cache revalidated)
44 timing idealTree:#root Completed in 76ms
45 silly placeDep ROOT undici-types@6.19.6 OK for: @types/node@22.4.0 want: ~6.19.2
46 timing idealTree:node_modules/@types/node Completed in 3ms
47 timing idealTree:node_modules/undici-types Completed in 0ms
48 timing idealTree:buildDeps Completed in 81ms
49 timing idealTree:fixDepFlags Completed in 0ms
50 timing idealTree Completed in 530ms
51 timing reify:loadTrees Completed in 531ms
52 timing reify:diffTrees Completed in 4ms
53 silly reify mark retired [ '/home/kc2m1/.cache/typescript/5.5/node_modules/@types/node' ]
54 silly reify mark retired [ '/home/kc2m1/.cache/typescript/5.5/node_modules/undici-types' ]
55 silly reify moves {
55 silly reify   '/home/kc2m1/.cache/typescript/5.5/node_modules/@types/node': '/home/kc2m1/.cache/typescript/5.5/node_modules/@types/.node-2CH5BOnd',
55 silly reify   '/home/kc2m1/.cache/typescript/5.5/node_modules/undici-types': '/home/kc2m1/.cache/typescript/5.5/node_modules/.undici-types-S75dnHME'
55 silly reify }
56 timing reify:retireShallow Completed in 11ms
57 timing reify:createSparse Completed in 1ms
58 timing reify:loadBundles Completed in 0ms
59 silly audit bulk request {
59 silly audit   '@types/body-parser': [ '1.19.5' ],
59 silly audit   '@types/connect': [ '3.4.38' ],
59 silly audit   '@types/d': [ '1.0.4' ],
59 silly audit   '@types/dot': [ '1.1.7' ],
59 silly audit   '@types/express': [ '4.17.21' ],
59 silly audit   '@types/express-serve-static-core': [ '4.19.5' ],
59 silly audit   '@types/http-errors': [ '2.0.4' ],
59 silly audit   '@types/mime': [ '1.3.5' ],
59 silly audit   '@types/qs': [ '6.9.15' ],
59 silly audit   '@types/range-parser': [ '1.2.7' ],
59 silly audit   '@types/send': [ '0.17.4' ],
59 silly audit   '@types/serve-static': [ '1.15.7' ],
59 silly audit   'types-registry': [ '0.1.685' ],
59 silly audit   '@types/node': [ '22.4.0' ],
59 silly audit   'undici-types': [ '6.19.6' ]
59 silly audit }
60 silly tarball no local data for undici-types@https://registry.npmjs.org/undici-types/-/undici-types-6.19.6.tgz. Extracting by manifest.
61 silly tarball no local data for @types/node@https://registry.npmjs.org/@types/node/-/node-22.4.0.tgz. Extracting by manifest.
62 http fetch GET 200 https://registry.npmjs.org/undici-types/-/undici-types-6.19.6.tgz 125ms (cache miss)
63 timing reifyNode:node_modules/undici-types Completed in 137ms
64 http fetch POST 200 https://registry.npmjs.org/-/npm/v1/security/advisories/bulk 277ms
65 timing auditReport:getReport Completed in 283ms
66 silly audit report {}
67 timing auditReport:init Completed in 0ms
68 timing reify:audit Completed in 285ms
69 http fetch GET 200 https://registry.npmjs.org/@types/node/-/node-22.4.0.tgz 330ms (cache miss)
70 timing reifyNode:node_modules/@types/node Completed in 344ms
71 timing reify:unpack Completed in 344ms
72 timing reify:unretire Completed in 0ms
73 timing build:queue Completed in 1ms
74 timing build:deps Completed in 1ms
75 timing build Completed in 2ms
76 timing reify:build Completed in 3ms
77 timing reify:trash Completed in 19ms
78 timing reify:save Completed in 20ms
79 timing reify Completed in 952ms
80 silly CHANGE node_modules/undici-types
81 silly CHANGE node_modules/@types/node
82 timing command:install Completed in 962ms
83 verbose exit 0
84 timing npm Completed in 1035ms
85 info ok
