0 verbose cli /usr/bin/node /usr/bin/npm
1 info using npm@9.2.0
2 info using node@v18.19.1
3 timing npm:load:whichnode Completed in 1ms
4 timing config:load:defaults Completed in 5ms
5 timing config:load:file:/usr/share/nodejs/npm/npmrc Completed in 20ms
6 timing config:load:builtin Completed in 21ms
7 timing config:load:cli Completed in 3ms
8 timing config:load:env Completed in 1ms
9 timing config:load:file:/home/kc2m1/api-gateway/.npmrc Completed in 0ms
10 timing config:load:project Completed in 2ms
11 timing config:load:file:/home/kc2m1/.npmrc Completed in 0ms
12 timing config:load:user Completed in 0ms
13 timing config:load:file:/etc/npmrc Completed in 0ms
14 timing config:load:global Completed in 0ms
15 timing config:load:setEnvs Completed in 2ms
16 timing config:load Completed in 37ms
17 timing npm:load:configload Completed in 37ms
18 timing npm:load:mkdirpcache Completed in 1ms
19 timing npm:load:mkdirplogs Completed in 0ms
20 verbose title npm i express
21 verbose argv "i" "express"
22 timing npm:load:setTitle Completed in 3ms
23 timing config:load:flatten Completed in 8ms
24 timing npm:load:display Completed in 9ms
25 verbose logfile logs-max:10 dir:/home/kc2m1/.npm/_logs/2024-08-16T03_40_50_062Z-
26 verbose logfile /home/kc2m1/.npm/_logs/2024-08-16T03_40_50_062Z-debug-0.log
27 timing npm:load:logFile Completed in 16ms
28 timing npm:load:timers Completed in 0ms
29 timing npm:load:configScope Completed in 0ms
30 timing npm:load Completed in 67ms
31 silly logfile done cleaning log files
32 timing config:load:flatten Completed in 2ms
33 timing arborist:ctor Completed in 2ms
34 timing idealTree:init Completed in 182ms
35 timing idealTree:userRequests Completed in 4ms
36 silly idealTree buildDeps
37 silly fetch manifest express@^4.19.2
38 http fetch GET 200 https://registry.npmjs.org/express 482ms (cache revalidated)
39 silly placeDep ROOT express@4.19.2 REPLACE for: api-gateway@1.0.0 want: ^4.19.2
40 timing idealTree:#root Completed in 514ms
41 timing idealTree:node_modules/express Completed in 1ms
42 timing idealTree:buildDeps Completed in 517ms
43 timing idealTree:fixDepFlags Completed in 1ms
44 timing idealTree Completed in 711ms
45 timing reify:loadTrees Completed in 713ms
46 timing reify:diffTrees Completed in 4ms
47 silly reify moves {}
48 timing reify:retireShallow Completed in 2ms
49 timing reify:createSparse Completed in 23ms
50 timing reify:loadBundles Completed in 0ms
51 silly audit bulk request {
51 silly audit   accepts: [ '1.3.8' ],
51 silly audit   'array-flatten': [ '1.1.1' ],
51 silly audit   'body-parser': [ '1.20.2' ],
51 silly audit   bytes: [ '3.1.2' ],
51 silly audit   'call-bind': [ '1.0.7' ],
51 silly audit   'content-disposition': [ '0.5.4' ],
51 silly audit   'content-type': [ '1.0.5' ],
51 silly audit   cookie: [ '0.6.0' ],
51 silly audit   'cookie-signature': [ '1.0.6' ],
51 silly audit   debug: [ '2.6.9' ],
51 silly audit   'define-data-property': [ '1.1.4' ],
51 silly audit   depd: [ '2.0.0' ],
51 silly audit   destroy: [ '1.2.0' ],
51 silly audit   dotenv: [ '16.4.5' ],
51 silly audit   'ee-first': [ '1.1.1' ],
51 silly audit   encodeurl: [ '1.0.2' ],
51 silly audit   'es-define-property': [ '1.0.0' ],
51 silly audit   'es-errors': [ '1.3.0' ],
51 silly audit   'escape-html': [ '1.0.3' ],
51 silly audit   etag: [ '1.8.1' ],
51 silly audit   finalhandler: [ '1.2.0' ],
51 silly audit   forwarded: [ '0.2.0' ],
51 silly audit   fresh: [ '0.5.2' ],
51 silly audit   'function-bind': [ '1.1.2' ],
51 silly audit   'get-intrinsic': [ '1.2.4' ],
51 silly audit   gopd: [ '1.0.1' ],
51 silly audit   'has-property-descriptors': [ '1.0.2' ],
51 silly audit   'has-proto': [ '1.0.3' ],
51 silly audit   'has-symbols': [ '1.0.3' ],
51 silly audit   hasown: [ '2.0.2' ],
51 silly audit   'http-errors': [ '2.0.0' ],
51 silly audit   'iconv-lite': [ '0.4.24' ],
51 silly audit   inherits: [ '2.0.4' ],
51 silly audit   'ipaddr.js': [ '1.9.1' ],
51 silly audit   'media-typer': [ '0.3.0' ],
51 silly audit   'merge-descriptors': [ '1.0.1' ],
51 silly audit   methods: [ '1.1.2' ],
51 silly audit   mime: [ '1.6.0' ],
51 silly audit   'mime-db': [ '1.52.0' ],
51 silly audit   'mime-types': [ '2.1.35' ],
51 silly audit   ms: [ '2.0.0', '2.1.3' ],
51 silly audit   negotiator: [ '0.6.3' ],
51 silly audit   'object-inspect': [ '1.13.2' ],
51 silly audit   'on-finished': [ '2.4.1' ],
51 silly audit   parseurl: [ '1.3.3' ],
51 silly audit   'path-to-regexp': [ '0.1.7' ],
51 silly audit   'proxy-addr': [ '2.0.7' ],
51 silly audit   qs: [ '6.11.0' ],
51 silly audit   'range-parser': [ '1.2.1' ],
51 silly audit   'raw-body': [ '2.5.2' ],
51 silly audit   'safe-buffer': [ '5.2.1' ],
51 silly audit   'safer-buffer': [ '2.1.2' ],
51 silly audit   send: [ '0.18.0' ],
51 silly audit   'serve-static': [ '1.15.0' ],
51 silly audit   'set-function-length': [ '1.2.2' ],
51 silly audit   setprototypeof: [ '1.2.0' ],
51 silly audit   'side-channel': [ '1.0.6' ],
51 silly audit   statuses: [ '2.0.1' ],
51 silly audit   toidentifier: [ '1.0.1' ],
51 silly audit   'type-is': [ '1.6.18' ],
51 silly audit   unpipe: [ '1.0.0' ],
51 silly audit   'utils-merge': [ '1.0.1' ],
51 silly audit   vary: [ '1.1.2' ],
51 silly audit   express: [ '4.19.2' ]
51 silly audit }
52 http fetch POST 200 https://registry.npmjs.org/-/npm/v1/security/advisories/bulk 371ms
53 timing auditReport:getReport Completed in 379ms
54 silly audit report {}
55 timing auditReport:init Completed in 0ms
56 timing reify:audit Completed in 381ms
57 timing reifyNode:node_modules/forwarded Completed in 408ms
58 timing reifyNode:node_modules/inherits Completed in 413ms
59 timing reifyNode:node_modules/ee-first Completed in 411ms
60 timing reifyNode:node_modules/destroy Completed in 411ms
61 timing reifyNode:node_modules/array-flatten Completed in 412ms
62 timing reifyNode:node_modules/send/node_modules/ms Completed in 417ms
63 timing reifyNode:node_modules/ms Completed in 415ms
64 timing reifyNode:node_modules/path-to-regexp Completed in 415ms
65 timing reifyNode:node_modules/bytes Completed in 414ms
66 timing reifyNode:node_modules/escape-html Completed in 415ms
67 timing reifyNode:node_modules/vary Completed in 423ms
68 timing reifyNode:node_modules/utils-merge Completed in 426ms
69 timing reifyNode:node_modules/etag Completed in 419ms
70 timing reifyNode:node_modules/media-typer Completed in 420ms
71 timing reifyNode:node_modules/encodeurl Completed in 418ms
72 timing reifyNode:node_modules/cookie-signature Completed in 419ms
73 timing reifyNode:node_modules/toidentifier Completed in 424ms
74 timing reifyNode:node_modules/fresh Completed in 420ms
75 timing reifyNode:node_modules/unpipe Completed in 428ms
76 timing reifyNode:node_modules/range-parser Completed in 425ms
77 timing reifyNode:node_modules/type-is Completed in 427ms
78 timing reifyNode:node_modules/parseurl Completed in 424ms
79 timing reifyNode:node_modules/content-type Completed in 423ms
80 timing reifyNode:node_modules/http-errors Completed in 425ms
81 timing reifyNode:node_modules/proxy-addr Completed in 427ms
82 timing reifyNode:node_modules/methods Completed in 427ms
83 timing reifyNode:node_modules/merge-descriptors Completed in 427ms
84 timing reifyNode:node_modules/accepts Completed in 425ms
85 timing reifyNode:node_modules/on-finished Completed in 456ms
86 timing reifyNode:node_modules/statuses Completed in 460ms
87 timing reifyNode:node_modules/setprototypeof Completed in 459ms
88 timing reifyNode:node_modules/mime-types Completed in 477ms
89 timing reifyNode:node_modules/serve-static Completed in 480ms
90 timing reifyNode:node_modules/content-disposition Completed in 476ms
91 timing reifyNode:node_modules/cookie Completed in 477ms
92 timing reifyNode:node_modules/safe-buffer Completed in 496ms
93 timing reifyNode:node_modules/finalhandler Completed in 499ms
94 timing reifyNode:node_modules/raw-body Completed in 505ms
95 timing reifyNode:node_modules/safer-buffer Completed in 516ms
96 timing reifyNode:node_modules/depd Completed in 514ms
97 timing reifyNode:node_modules/ipaddr.js Completed in 517ms
98 timing reifyNode:node_modules/gopd Completed in 522ms
99 timing reifyNode:node_modules/hasown Completed in 532ms
100 timing reifyNode:node_modules/send Completed in 539ms
101 timing reifyNode:node_modules/negotiator Completed in 538ms
102 timing reifyNode:node_modules/set-function-length Completed in 545ms
103 timing reifyNode:node_modules/es-define-property Completed in 545ms
104 timing reifyNode:node_modules/has-property-descriptors Completed in 547ms
105 timing reifyNode:node_modules/has-proto Completed in 552ms
106 timing reifyNode:node_modules/mime Completed in 556ms
107 timing reifyNode:node_modules/get-intrinsic Completed in 561ms
108 timing reifyNode:node_modules/call-bind Completed in 563ms
109 timing reifyNode:node_modules/side-channel Completed in 569ms
110 timing reifyNode:node_modules/dotenv Completed in 566ms
111 timing reifyNode:node_modules/define-data-property Completed in 568ms
112 timing reifyNode:node_modules/function-bind Completed in 572ms
113 timing reifyNode:node_modules/mime-db Completed in 581ms
114 timing reifyNode:node_modules/has-symbols Completed in 582ms
115 timing reifyNode:node_modules/debug Completed in 586ms
116 timing reifyNode:node_modules/body-parser Completed in 587ms
117 timing reifyNode:node_modules/es-errors Completed in 594ms
118 timing reifyNode:node_modules/express Completed in 615ms
119 timing reifyNode:node_modules/qs Completed in 614ms
120 timing reifyNode:node_modules/object-inspect Completed in 618ms
121 timing reifyNode:node_modules/iconv-lite Completed in 619ms
122 timing reify:unpack Completed in 626ms
123 timing reify:unretire Completed in 1ms
124 timing build:queue Completed in 9ms
125 timing build:link:node_modules/mime Completed in 6ms
126 timing build:link Completed in 6ms
127 timing build:deps Completed in 17ms
128 timing build Completed in 18ms
129 timing reify:build Completed in 19ms
130 timing reify:trash Completed in 0ms
131 timing reify:save Completed in 90ms
132 timing reify Completed in 1517ms
133 silly ADD node_modules/express
134 silly ADD node_modules/vary
135 silly ADD node_modules/utils-merge
136 silly ADD node_modules/unpipe
137 silly ADD node_modules/type-is
138 silly ADD node_modules/toidentifier
139 silly ADD node_modules/statuses
140 silly ADD node_modules/side-channel
141 silly ADD node_modules/setprototypeof
142 silly ADD node_modules/set-function-length
143 silly ADD node_modules/serve-static
144 silly ADD node_modules/send
145 silly ADD node_modules/send/node_modules/ms
146 silly ADD node_modules/safer-buffer
147 silly ADD node_modules/safe-buffer
148 silly ADD node_modules/raw-body
149 silly ADD node_modules/range-parser
150 silly ADD node_modules/qs
151 silly ADD node_modules/proxy-addr
152 silly ADD node_modules/path-to-regexp
153 silly ADD node_modules/parseurl
154 silly ADD node_modules/on-finished
155 silly ADD node_modules/object-inspect
156 silly ADD node_modules/negotiator
157 silly ADD node_modules/ms
158 silly ADD node_modules/mime-types
159 silly ADD node_modules/mime-db
160 silly ADD node_modules/mime
161 silly ADD node_modules/methods
162 silly ADD node_modules/merge-descriptors
163 silly ADD node_modules/media-typer
164 silly ADD node_modules/ipaddr.js
165 silly ADD node_modules/inherits
166 silly ADD node_modules/iconv-lite
167 silly ADD node_modules/http-errors
168 silly ADD node_modules/hasown
169 silly ADD node_modules/has-symbols
170 silly ADD node_modules/has-proto
171 silly ADD node_modules/has-property-descriptors
172 silly ADD node_modules/gopd
173 silly ADD node_modules/get-intrinsic
174 silly ADD node_modules/function-bind
175 silly ADD node_modules/fresh
176 silly ADD node_modules/forwarded
177 silly ADD node_modules/finalhandler
178 silly ADD node_modules/etag
179 silly ADD node_modules/escape-html
180 silly ADD node_modules/es-errors
181 silly ADD node_modules/es-define-property
182 silly ADD node_modules/encodeurl
183 silly ADD node_modules/ee-first
184 silly ADD node_modules/dotenv
185 silly ADD node_modules/destroy
186 silly ADD node_modules/depd
187 silly ADD node_modules/define-data-property
188 silly ADD node_modules/debug
189 silly ADD node_modules/cookie-signature
190 silly ADD node_modules/cookie
191 silly ADD node_modules/content-type
192 silly ADD node_modules/content-disposition
193 silly ADD node_modules/call-bind
194 silly ADD node_modules/bytes
195 silly ADD node_modules/body-parser
196 silly ADD node_modules/array-flatten
197 silly ADD node_modules/accepts
198 timing command:i Completed in 1539ms
199 verbose exit 0
200 timing npm Completed in 1665ms
201 info ok
