0 verbose cli /usr/bin/node /usr/bin/npm
1 info using npm@9.2.0
2 info using node@v18.19.1
3 timing npm:load:whichnode Completed in 1ms
4 timing config:load:defaults Completed in 3ms
5 timing config:load:file:/usr/share/nodejs/npm/npmrc Completed in 8ms
6 timing config:load:builtin Completed in 10ms
7 timing config:load:cli Completed in 2ms
8 timing config:load:env Completed in 0ms
9 timing config:load:file:/home/kc2m1/todo-service/.npmrc Completed in 0ms
10 timing config:load:project Completed in 8ms
11 timing config:load:file:/home/kc2m1/.npmrc Completed in 0ms
12 timing config:load:user Completed in 1ms
13 timing config:load:file:/etc/npmrc Completed in 0ms
14 timing config:load:global Completed in 0ms
15 timing config:load:setEnvs Completed in 2ms
16 timing config:load Completed in 27ms
17 timing npm:load:configload Completed in 27ms
18 timing npm:load:mkdirpcache Completed in 1ms
19 timing npm:load:mkdirplogs Completed in 0ms
20 verbose title npm install redis
21 verbose argv "install" "redis"
22 timing npm:load:setTitle Completed in 2ms
23 timing config:load:flatten Completed in 6ms
24 timing npm:load:display Completed in 9ms
25 verbose logfile logs-max:10 dir:/home/kc2m1/.npm/_logs/2024-08-17T14_23_14_742Z-
26 verbose logfile /home/kc2m1/.npm/_logs/2024-08-17T14_23_14_742Z-debug-0.log
27 timing npm:load:logFile Completed in 14ms
28 timing npm:load:timers Completed in 1ms
29 timing npm:load:configScope Completed in 0ms
30 timing npm:load Completed in 55ms
31 silly logfile start cleaning logs, removing 1 files
32 timing config:load:flatten Completed in 1ms
33 timing arborist:ctor Completed in 2ms
34 silly logfile done cleaning log files
35 timing idealTree:init Completed in 131ms
36 timing idealTree:userRequests Completed in 4ms
37 silly idealTree buildDeps
38 silly fetch manifest redis@*
39 timing arborist:ctor Completed in 0ms
40 http fetch GET 200 https://registry.npmjs.org/redis 267ms (cache miss)
41 silly placeDep ROOT redis@4.7.0 OK for: todo-service@1.0.0 want: *
42 silly fetch manifest @redis/bloom@1.2.0
43 silly fetch manifest @redis/client@1.6.0
44 silly fetch manifest @redis/graph@1.1.1
45 silly fetch manifest @redis/json@1.0.7
46 silly fetch manifest @redis/search@1.2.0
47 silly fetch manifest @redis/time-series@1.1.0
48 http fetch GET 200 https://registry.npmjs.org/@redis%2fbloom 338ms (cache miss)
49 http fetch GET 200 https://registry.npmjs.org/@redis%2fgraph 347ms (cache miss)
50 http fetch GET 200 https://registry.npmjs.org/@redis%2ftime-series 362ms (cache miss)
51 http fetch GET 200 https://registry.npmjs.org/@redis%2fclient 388ms (cache miss)
52 http fetch GET 200 https://registry.npmjs.org/@redis%2fsearch 390ms (cache miss)
53 http fetch GET 200 https://registry.npmjs.org/@redis%2fjson 391ms (cache miss)
54 timing idealTree:#root Completed in 679ms
55 silly placeDep ROOT @redis/bloom@1.2.0 OK for: redis@4.7.0 want: 1.2.0
56 silly placeDep ROOT @redis/client@1.6.0 OK for: @redis/bloom@1.2.0 want: ^1.0.0
57 silly placeDep ROOT @redis/graph@1.1.1 OK for: redis@4.7.0 want: 1.1.1
58 silly placeDep ROOT @redis/json@1.0.7 OK for: redis@4.7.0 want: 1.0.7
59 silly placeDep ROOT @redis/search@1.2.0 OK for: redis@4.7.0 want: 1.2.0
60 silly placeDep ROOT @redis/time-series@1.1.0 OK for: redis@4.7.0 want: 1.1.0
61 silly fetch manifest cluster-key-slot@1.1.2
62 silly fetch manifest generic-pool@3.9.0
63 silly fetch manifest yallist@4.0.0
64 http fetch GET 200 https://registry.npmjs.org/cluster-key-slot 105ms (cache miss)
65 http fetch GET 200 https://registry.npmjs.org/yallist 102ms (cache miss)
66 http fetch GET 200 https://registry.npmjs.org/generic-pool 109ms (cache miss)
67 timing idealTree:node_modules/redis Completed in 132ms
68 timing idealTree:node_modules/@redis/bloom Completed in 0ms
69 silly placeDep ROOT cluster-key-slot@1.1.2 OK for: @redis/client@1.6.0 want: 1.1.2
70 silly placeDep ROOT generic-pool@3.9.0 OK for: @redis/client@1.6.0 want: 3.9.0
71 silly placeDep ROOT yallist@4.0.0 OK for: @redis/client@1.6.0 want: 4.0.0
72 timing idealTree:node_modules/@redis/client Completed in 6ms
73 timing idealTree:node_modules/@redis/graph Completed in 0ms
74 timing idealTree:node_modules/@redis/json Completed in 0ms
75 timing idealTree:node_modules/@redis/search Completed in 0ms
76 timing idealTree:node_modules/@redis/time-series Completed in 0ms
77 timing idealTree:node_modules/cluster-key-slot Completed in 0ms
78 timing idealTree:node_modules/generic-pool Completed in 0ms
79 timing idealTree:node_modules/yallist Completed in 1ms
80 timing idealTree:buildDeps Completed in 821ms
81 timing idealTree:fixDepFlags Completed in 2ms
82 timing idealTree Completed in 965ms
83 timing reify:loadTrees Completed in 966ms
84 timing reify:diffTrees Completed in 7ms
85 silly reify moves {}
86 timing reify:retireShallow Completed in 2ms
87 timing reify:createSparse Completed in 6ms
88 timing reify:loadBundles Completed in 0ms
89 silly audit bulk request {
89 silly audit   accepts: [ '1.3.8' ],
89 silly audit   'array-flatten': [ '1.1.1' ],
89 silly audit   'body-parser': [ '1.20.2' ],
89 silly audit   bytes: [ '3.1.2' ],
89 silly audit   'call-bind': [ '1.0.7' ],
89 silly audit   'content-disposition': [ '0.5.4' ],
89 silly audit   'content-type': [ '1.0.5' ],
89 silly audit   cookie: [ '0.6.0' ],
89 silly audit   'cookie-signature': [ '1.0.6' ],
89 silly audit   debug: [ '2.6.9' ],
89 silly audit   'define-data-property': [ '1.1.4' ],
89 silly audit   depd: [ '2.0.0' ],
89 silly audit   destroy: [ '1.2.0' ],
89 silly audit   dotenv: [ '16.4.5' ],
89 silly audit   'ee-first': [ '1.1.1' ],
89 silly audit   encodeurl: [ '1.0.2' ],
89 silly audit   'es-define-property': [ '1.0.0' ],
89 silly audit   'es-errors': [ '1.3.0' ],
89 silly audit   'escape-html': [ '1.0.3' ],
89 silly audit   etag: [ '1.8.1' ],
89 silly audit   express: [ '4.19.2' ],
89 silly audit   finalhandler: [ '1.2.0' ],
89 silly audit   forwarded: [ '0.2.0' ],
89 silly audit   fresh: [ '0.5.2' ],
89 silly audit   'function-bind': [ '1.1.2' ],
89 silly audit   'get-intrinsic': [ '1.2.4' ],
89 silly audit   gopd: [ '1.0.1' ],
89 silly audit   'has-property-descriptors': [ '1.0.2' ],
89 silly audit   'has-proto': [ '1.0.3' ],
89 silly audit   'has-symbols': [ '1.0.3' ],
89 silly audit   hasown: [ '2.0.2' ],
89 silly audit   'http-errors': [ '2.0.0' ],
89 silly audit   'iconv-lite': [ '0.4.24' ],
89 silly audit   inherits: [ '2.0.4' ],
89 silly audit   'ipaddr.js': [ '1.9.1' ],
89 silly audit   'media-typer': [ '0.3.0' ],
89 silly audit   'merge-descriptors': [ '1.0.1' ],
89 silly audit   methods: [ '1.1.2' ],
89 silly audit   mime: [ '1.6.0' ],
89 silly audit   'mime-db': [ '1.52.0' ],
89 silly audit   'mime-types': [ '2.1.35' ],
89 silly audit   ms: [ '2.0.0', '2.1.3' ],
89 silly audit   negotiator: [ '0.6.3' ],
89 silly audit   node: [ '22.6.0' ],
89 silly audit   'node-bin-setup': [ '1.1.3' ],
89 silly audit   'object-inspect': [ '1.13.2' ],
89 silly audit   'on-finished': [ '2.4.1' ],
89 silly audit   parseurl: [ '1.3.3' ],
89 silly audit   'path-to-regexp': [ '0.1.7' ],
89 silly audit   'proxy-addr': [ '2.0.7' ],
89 silly audit   qs: [ '6.11.0' ],
89 silly audit   'range-parser': [ '1.2.1' ],
89 silly audit   'raw-body': [ '2.5.2' ],
89 silly audit   'safe-buffer': [ '5.2.1' ],
89 silly audit   'safer-buffer': [ '2.1.2' ],
89 silly audit   send: [ '0.18.0' ],
89 silly audit   'serve-static': [ '1.15.0' ],
89 silly audit   'set-function-length': [ '1.2.2' ],
89 silly audit   setprototypeof: [ '1.2.0' ],
89 silly audit   'side-channel': [ '1.0.6' ],
89 silly audit   statuses: [ '2.0.1' ],
89 silly audit   toidentifier: [ '1.0.1' ],
89 silly audit   'type-is': [ '1.6.18' ],
89 silly audit   unpipe: [ '1.0.0' ],
89 silly audit   'utils-merge': [ '1.0.1' ],
89 silly audit   vary: [ '1.1.2' ],
89 silly audit   redis: [ '4.7.0' ],
89 silly audit   '@redis/bloom': [ '1.2.0' ],
89 silly audit   '@redis/client': [ '1.6.0' ],
89 silly audit   '@redis/graph': [ '1.1.1' ],
89 silly audit   '@redis/json': [ '1.0.7' ],
89 silly audit   '@redis/search': [ '1.2.0' ],
89 silly audit   '@redis/time-series': [ '1.1.0' ],
89 silly audit   'cluster-key-slot': [ '1.1.2' ],
89 silly audit   'generic-pool': [ '3.9.0' ],
89 silly audit   yallist: [ '4.0.0' ]
89 silly audit }
90 silly tarball no local data for yallist@https://registry.npmjs.org/yallist/-/yallist-4.0.0.tgz. Extracting by manifest.
91 silly tarball no local data for generic-pool@https://registry.npmjs.org/generic-pool/-/generic-pool-3.9.0.tgz. Extracting by manifest.
92 silly tarball no local data for cluster-key-slot@https://registry.npmjs.org/cluster-key-slot/-/cluster-key-slot-1.1.2.tgz. Extracting by manifest.
93 silly tarball no local data for @redis/time-series@https://registry.npmjs.org/@redis/time-series/-/time-series-1.1.0.tgz. Extracting by manifest.
94 silly tarball no local data for @redis/search@https://registry.npmjs.org/@redis/search/-/search-1.2.0.tgz. Extracting by manifest.
95 silly tarball no local data for @redis/json@https://registry.npmjs.org/@redis/json/-/json-1.0.7.tgz. Extracting by manifest.
96 silly tarball no local data for @redis/graph@https://registry.npmjs.org/@redis/graph/-/graph-1.1.1.tgz. Extracting by manifest.
97 silly tarball no local data for @redis/client@https://registry.npmjs.org/@redis/client/-/client-1.6.0.tgz. Extracting by manifest.
98 silly tarball no local data for @redis/bloom@https://registry.npmjs.org/@redis/bloom/-/bloom-1.2.0.tgz. Extracting by manifest.
99 silly tarball no local data for redis@https://registry.npmjs.org/redis/-/redis-4.7.0.tgz. Extracting by manifest.
100 http fetch GET 200 https://registry.npmjs.org/yallist/-/yallist-4.0.0.tgz 104ms (cache miss)
101 timing reifyNode:node_modules/yallist Completed in 128ms
102 http fetch GET 200 https://registry.npmjs.org/cluster-key-slot/-/cluster-key-slot-1.1.2.tgz 105ms (cache miss)
103 timing reifyNode:node_modules/cluster-key-slot Completed in 131ms
104 http fetch GET 200 https://registry.npmjs.org/generic-pool/-/generic-pool-3.9.0.tgz 146ms (cache miss)
105 timing reifyNode:node_modules/generic-pool Completed in 170ms
106 http fetch GET 200 https://registry.npmjs.org/redis/-/redis-4.7.0.tgz 140ms (cache miss)
107 timing reifyNode:node_modules/redis Completed in 174ms
108 http fetch GET 200 https://registry.npmjs.org/@redis/time-series/-/time-series-1.1.0.tgz 240ms (cache miss)
109 timing reifyNode:node_modules/@redis/time-series Completed in 270ms
110 http fetch POST 200 https://registry.npmjs.org/-/npm/v1/security/advisories/bulk 296ms
111 timing auditReport:getReport Completed in 307ms
112 silly audit report {}
113 timing auditReport:init Completed in 0ms
114 timing reify:audit Completed in 309ms
115 http fetch GET 200 https://registry.npmjs.org/@redis/graph/-/graph-1.1.1.tgz 342ms (cache miss)
116 timing reifyNode:node_modules/@redis/graph Completed in 377ms
117 http fetch GET 200 https://registry.npmjs.org/@redis/search/-/search-1.2.0.tgz 403ms (cache miss)
118 timing reifyNode:node_modules/@redis/search Completed in 435ms
119 http fetch GET 200 https://registry.npmjs.org/@redis/json/-/json-1.0.7.tgz 408ms (cache miss)
120 timing reifyNode:node_modules/@redis/json Completed in 443ms
121 http fetch GET 200 https://registry.npmjs.org/@redis/bloom/-/bloom-1.2.0.tgz 559ms (cache miss)
122 timing reifyNode:node_modules/@redis/bloom Completed in 596ms
123 http fetch GET 200 https://registry.npmjs.org/@redis/client/-/client-1.6.0.tgz 1114ms (cache miss)
124 timing reifyNode:node_modules/@redis/client Completed in 1148ms
125 timing reify:unpack Completed in 1150ms
126 timing reify:unretire Completed in 0ms
127 timing build:queue Completed in 2ms
128 timing build:deps Completed in 2ms
129 timing build Completed in 3ms
130 timing reify:build Completed in 4ms
131 timing reify:trash Completed in 0ms
132 timing reify:save Completed in 47ms
133 timing reify Completed in 2233ms
134 silly ADD node_modules/yallist
135 silly ADD node_modules/generic-pool
136 silly ADD node_modules/cluster-key-slot
137 silly ADD node_modules/@redis/time-series
138 silly ADD node_modules/@redis/search
139 silly ADD node_modules/@redis/json
140 silly ADD node_modules/@redis/graph
141 silly ADD node_modules/@redis/client
142 silly ADD node_modules/@redis/bloom
143 silly ADD node_modules/redis
144 timing command:install Completed in 2250ms
145 verbose exit 0
146 timing npm Completed in 2332ms
147 info ok
