0 verbose cli /usr/bin/node /usr/bin/npm
1 info using npm@9.2.0
2 info using node@v18.19.1
3 timing npm:load:whichnode Completed in 1ms
4 timing config:load:defaults Completed in 3ms
5 timing config:load:file:/usr/share/nodejs/npm/npmrc Completed in 9ms
6 timing config:load:builtin Completed in 9ms
7 timing config:load:cli Completed in 4ms
8 timing config:load:env Completed in 1ms
9 timing config:load:file:/home/kc2m1/.cache/typescript/5.5/.npmrc Completed in 1ms
10 timing config:load:project Completed in 4ms
11 timing config:load:file:/home/kc2m1/.npmrc Completed in 0ms
12 timing config:load:user Completed in 1ms
13 timing config:load:file:/etc/npmrc Completed in 0ms
14 timing config:load:global Completed in 1ms
15 timing config:load:setEnvs Completed in 2ms
16 timing config:load Completed in 25ms
17 timing npm:load:configload Completed in 25ms
18 timing npm:load:mkdirpcache Completed in 1ms
19 timing npm:load:mkdirplogs Completed in 0ms
20 verbose title npm install @types/express@ts5.5
21 verbose argv "install" "--ignore-scripts" "@types/express@ts5.5" "--save-dev" "--user-agent" "typesInstaller/5.5.4"
22 timing npm:load:setTitle Completed in 4ms
23 timing config:load:flatten Completed in 8ms
24 timing npm:load:display Completed in 10ms
25 verbose logfile logs-max:10 dir:/home/kc2m1/.npm/_logs/2024-08-17T12_03_57_482Z-
26 verbose logfile /home/kc2m1/.npm/_logs/2024-08-17T12_03_57_482Z-debug-0.log
27 timing npm:load:logFile Completed in 17ms
28 timing npm:load:timers Completed in 0ms
29 timing npm:load:configScope Completed in 0ms
30 timing npm:load Completed in 59ms
31 timing config:load:flatten Completed in 2ms
32 timing arborist:ctor Completed in 3ms
33 silly logfile start cleaning logs, removing 1 files
34 silly logfile done cleaning log files
35 timing idealTree:init Completed in 76ms
36 timing arborist:ctor Completed in 0ms
37 http fetch GET 200 https://registry.npmjs.org/@types%2fexpress 238ms (cache revalidated)
38 timing idealTree:userRequests Completed in 255ms
39 silly idealTree buildDeps
40 silly fetch manifest @types/express@4.17.21
41 silly placeDep ROOT @types/express@4.17.21 REPLACE for:  want: 4.17.21
42 timing idealTree:#root Completed in 17ms
43 timing idealTree:node_modules/@types/express Completed in 0ms
44 timing idealTree:buildDeps Completed in 20ms
45 timing idealTree:fixDepFlags Completed in 1ms
46 timing idealTree Completed in 354ms
47 timing reify:loadTrees Completed in 357ms
48 timing reify:diffTrees Completed in 5ms
49 silly reify moves {}
50 timing reify:retireShallow Completed in 2ms
51 timing reify:createSparse Completed in 0ms
52 timing reify:loadBundles Completed in 0ms
53 silly audit bulk request {
53 silly audit   '@types/body-parser': [ '1.19.5' ],
53 silly audit   '@types/connect': [ '3.4.38' ],
53 silly audit   '@types/d': [ '1.0.4' ],
53 silly audit   '@types/dot': [ '1.1.7' ],
53 silly audit   '@types/express-serve-static-core': [ '4.19.5' ],
53 silly audit   '@types/http-errors': [ '2.0.4' ],
53 silly audit   '@types/mime': [ '1.3.5' ],
53 silly audit   '@types/node': [ '22.3.0' ],
53 silly audit   '@types/qs': [ '6.9.15' ],
53 silly audit   '@types/range-parser': [ '1.2.7' ],
53 silly audit   '@types/send': [ '0.17.4' ],
53 silly audit   '@types/serve-static': [ '1.15.7' ],
53 silly audit   'types-registry': [ '0.1.685' ],
53 silly audit   'undici-types': [ '6.18.2' ],
53 silly audit   '@types/express': [ '4.17.21' ]
53 silly audit }
54 timing reify:unpack Completed in 1ms
55 timing reify:unretire Completed in 0ms
56 timing build:queue Completed in 0ms
57 timing build:deps Completed in 1ms
58 timing build Completed in 2ms
59 timing reify:build Completed in 2ms
60 timing reify:trash Completed in 0ms
61 timing reify:save Completed in 35ms
62 http fetch POST 200 https://registry.npmjs.org/-/npm/v1/security/advisories/bulk 343ms
63 timing auditReport:getReport Completed in 348ms
64 silly audit report {}
65 timing auditReport:init Completed in 0ms
66 timing reify:audit Completed in 350ms
67 timing reify Completed in 730ms
68 timing command:install Completed in 744ms
69 verbose exit 0
70 timing npm Completed in 833ms
71 info ok
