0 verbose cli /usr/bin/node /usr/bin/npm
1 info using npm@9.2.0
2 info using node@v18.19.1
3 timing npm:load:whichnode Completed in 1ms
4 timing config:load:defaults Completed in 3ms
5 timing config:load:file:/usr/share/nodejs/npm/npmrc Completed in 11ms
6 timing config:load:builtin Completed in 11ms
7 timing config:load:cli Completed in 3ms
8 timing config:load:env Completed in 2ms
9 timing config:load:file:/home/kc2m1/todo-service/node_modules/node/.npmrc Completed in 0ms
10 timing config:load:project Completed in 28ms
11 timing config:load:file:/home/kc2m1/.npmrc Completed in 1ms
12 timing config:load:user Completed in 1ms
13 timing config:load:file:/etc/npmrc Completed in 0ms
14 timing config:load:global Completed in 1ms
15 timing config:load:setEnvs Completed in 2ms
16 timing config:load Completed in 52ms
17 timing npm:load:configload Completed in 52ms
18 timing npm:load:mkdirpcache Completed in 1ms
19 timing npm:load:mkdirplogs Completed in 0ms
20 verbose title npm install node-linux-x64@22.6.0
21 verbose argv "install" "--no-save" "node-linux-x64@22.6.0"
22 timing npm:load:setTitle Completed in 3ms
23 timing config:load:flatten Completed in 8ms
24 timing npm:load:display Completed in 10ms
25 verbose logfile logs-max:10 dir:/home/kc2m1/.npm/_logs/2024-08-17T13_55_33_134Z-
26 verbose logfile /home/kc2m1/.npm/_logs/2024-08-17T13_55_33_134Z-debug-0.log
27 timing npm:load:logFile Completed in 18ms
28 timing npm:load:timers Completed in 0ms
29 timing npm:load:configScope Completed in 1ms
30 timing npm:load Completed in 86ms
31 silly logfile start cleaning logs, removing 1 files
32 timing config:load:flatten Completed in 2ms
33 timing arborist:ctor Completed in 2ms
34 silly logfile done cleaning log files
35 timing arborist:ctor Completed in 1ms
36 timing idealTree:init Completed in 30ms
37 timing idealTree:userRequests Completed in 9ms
38 silly idealTree buildDeps
39 silly fetch manifest node-bin-setup@^1.0.0
40 http fetch GET 200 https://registry.npmjs.org/node-bin-setup 73ms (cache hit)
41 silly fetch manifest node-linux-x64@22.6.0
42 http fetch GET 200 https://registry.npmjs.org/node-linux-x64 1423ms (cache miss)
43 silly placeDep ROOT node-bin-setup@1.1.3 OK for: node@22.6.0 want: ^1.0.0
44 silly placeDep ROOT node-linux-x64@22.6.0 OK for: node@22.6.0 want: 22.6.0
45 timing idealTree:#root Completed in 1543ms
46 timing idealTree:node_modules/node-bin-setup Completed in 0ms
47 timing idealTree:node_modules/node-linux-x64 Completed in 0ms
48 timing idealTree:buildDeps Completed in 1546ms
49 timing idealTree:fixDepFlags Completed in 1ms
50 timing idealTree Completed in 1591ms
51 timing reify:loadTrees Completed in 1594ms
52 timing reify:diffTrees Completed in 1ms
53 silly reify moves {}
54 timing reify:retireShallow Completed in 1ms
55 timing reify:createSparse Completed in 2ms
56 timing reify:loadBundles Completed in 0ms
57 silly audit bulk request { 'node-bin-setup': [ '1.1.3' ], 'node-linux-x64': [ '22.6.0' ] }
58 silly tarball no local data for node-linux-x64@https://registry.npmjs.org/node-linux-x64/-/node-linux-x64-22.6.0.tgz. Extracting by manifest.
59 timing reifyNode:node_modules/node-bin-setup Completed in 39ms
60 http fetch POST 200 https://registry.npmjs.org/-/npm/v1/security/advisories/bulk 363ms
61 timing auditReport:getReport Completed in 366ms
62 silly audit report {}
63 timing auditReport:init Completed in 0ms
64 timing reify:audit Completed in 367ms
65 http fetch GET 200 https://registry.npmjs.org/node-linux-x64/-/node-linux-x64-22.6.0.tgz 14819ms (cache miss)
66 timing reifyNode:node_modules/node-linux-x64 Completed in 14835ms
67 timing reify:unpack Completed in 14836ms
68 timing reify:unretire Completed in 0ms
69 timing build:queue Completed in 1ms
70 timing build:link:node_modules/node-linux-x64 Completed in 4ms
71 timing build:link Completed in 5ms
72 timing build:deps Completed in 7ms
73 timing build Completed in 7ms
74 timing reify:build Completed in 9ms
75 timing reify:trash Completed in 0ms
76 timing reify Completed in 16467ms
77 silly ADD node_modules/node-linux-x64
78 silly ADD node_modules/node-bin-setup
79 timing command:install Completed in 16481ms
80 verbose exit 0
81 timing npm Completed in 16607ms
82 info ok
