0 verbose cli /usr/bin/node /usr/bin/npm
1 info using npm@9.2.0
2 info using node@v18.19.1
3 timing npm:load:whichnode Completed in 0ms
4 timing config:load:defaults Completed in 3ms
5 timing config:load:file:/usr/share/nodejs/npm/npmrc Completed in 10ms
6 timing config:load:builtin Completed in 11ms
7 timing config:load:cli Completed in 2ms
8 timing config:load:env Completed in 1ms
9 timing config:load:file:/home/kc2m1/todo-service/.npmrc Completed in 1ms
10 timing config:load:project Completed in 3ms
11 timing config:load:file:/home/kc2m1/.npmrc Completed in 0ms
12 timing config:load:user Completed in 0ms
13 timing config:load:file:/etc/npmrc Completed in 0ms
14 timing config:load:global Completed in 1ms
15 timing config:load:setEnvs Completed in 1ms
16 timing config:load Completed in 23ms
17 timing npm:load:configload Completed in 23ms
18 timing npm:load:mkdirpcache Completed in 0ms
19 timing npm:load:mkdirplogs Completed in 1ms
20 verbose title npm install express
21 verbose argv "install" "express"
22 timing npm:load:setTitle Completed in 2ms
23 timing config:load:flatten Completed in 7ms
24 timing npm:load:display Completed in 9ms
25 verbose logfile logs-max:10 dir:/home/kc2m1/.npm/_logs/2024-08-17T13_57_59_215Z-
26 verbose logfile /home/kc2m1/.npm/_logs/2024-08-17T13_57_59_215Z-debug-0.log
27 timing npm:load:logFile Completed in 14ms
28 timing npm:load:timers Completed in 0ms
29 timing npm:load:configScope Completed in 1ms
30 timing npm:load Completed in 51ms
31 silly logfile start cleaning logs, removing 1 files
32 timing config:load:flatten Completed in 0ms
33 timing arborist:ctor Completed in 1ms
34 silly logfile done cleaning log files
35 timing idealTree:init Completed in 128ms
36 timing idealTree:userRequests Completed in 4ms
37 silly idealTree buildDeps
38 silly fetch manifest express@^4.19.2
39 timing arborist:ctor Completed in 1ms
40 http fetch GET 200 https://registry.npmjs.org/express 112ms (cache hit)
41 silly placeDep ROOT express@4.19.2 REPLACE for: todo-service@1.0.0 want: ^4.19.2
42 timing idealTree:#root Completed in 142ms
43 timing idealTree:node_modules/express Completed in 1ms
44 timing idealTree:buildDeps Completed in 145ms
45 timing idealTree:fixDepFlags Completed in 2ms
46 timing idealTree Completed in 284ms
47 timing reify:loadTrees Completed in 287ms
48 timing reify:diffTrees Completed in 8ms
49 silly reify moves {}
50 timing reify:retireShallow Completed in 3ms
51 timing reify:createSparse Completed in 0ms
52 timing reify:loadBundles Completed in 0ms
53 silly audit bulk request {
53 silly audit   accepts: [ '1.3.8' ],
53 silly audit   'array-flatten': [ '1.1.1' ],
53 silly audit   'body-parser': [ '1.20.2' ],
53 silly audit   bytes: [ '3.1.2' ],
53 silly audit   'call-bind': [ '1.0.7' ],
53 silly audit   'content-disposition': [ '0.5.4' ],
53 silly audit   'content-type': [ '1.0.5' ],
53 silly audit   cookie: [ '0.6.0' ],
53 silly audit   'cookie-signature': [ '1.0.6' ],
53 silly audit   debug: [ '2.6.9' ],
53 silly audit   'define-data-property': [ '1.1.4' ],
53 silly audit   depd: [ '2.0.0' ],
53 silly audit   destroy: [ '1.2.0' ],
53 silly audit   dotenv: [ '16.4.5' ],
53 silly audit   'ee-first': [ '1.1.1' ],
53 silly audit   encodeurl: [ '1.0.2' ],
53 silly audit   'es-define-property': [ '1.0.0' ],
53 silly audit   'es-errors': [ '1.3.0' ],
53 silly audit   'escape-html': [ '1.0.3' ],
53 silly audit   etag: [ '1.8.1' ],
53 silly audit   finalhandler: [ '1.2.0' ],
53 silly audit   forwarded: [ '0.2.0' ],
53 silly audit   fresh: [ '0.5.2' ],
53 silly audit   'function-bind': [ '1.1.2' ],
53 silly audit   'get-intrinsic': [ '1.2.4' ],
53 silly audit   gopd: [ '1.0.1' ],
53 silly audit   'has-property-descriptors': [ '1.0.2' ],
53 silly audit   'has-proto': [ '1.0.3' ],
53 silly audit   'has-symbols': [ '1.0.3' ],
53 silly audit   hasown: [ '2.0.2' ],
53 silly audit   'http-errors': [ '2.0.0' ],
53 silly audit   'iconv-lite': [ '0.4.24' ],
53 silly audit   inherits: [ '2.0.4' ],
53 silly audit   'ipaddr.js': [ '1.9.1' ],
53 silly audit   'media-typer': [ '0.3.0' ],
53 silly audit   'merge-descriptors': [ '1.0.1' ],
53 silly audit   methods: [ '1.1.2' ],
53 silly audit   mime: [ '1.6.0' ],
53 silly audit   'mime-db': [ '1.52.0' ],
53 silly audit   'mime-types': [ '2.1.35' ],
53 silly audit   ms: [ '2.0.0', '2.1.3' ],
53 silly audit   negotiator: [ '0.6.3' ],
53 silly audit   node: [ '22.6.0' ],
53 silly audit   'node-bin-setup': [ '1.1.3' ],
53 silly audit   'object-inspect': [ '1.13.2' ],
53 silly audit   'on-finished': [ '2.4.1' ],
53 silly audit   parseurl: [ '1.3.3' ],
53 silly audit   'path-to-regexp': [ '0.1.7' ],
53 silly audit   'proxy-addr': [ '2.0.7' ],
53 silly audit   qs: [ '6.11.0' ],
53 silly audit   'range-parser': [ '1.2.1' ],
53 silly audit   'raw-body': [ '2.5.2' ],
53 silly audit   'safe-buffer': [ '5.2.1' ],
53 silly audit   'safer-buffer': [ '2.1.2' ],
53 silly audit   send: [ '0.18.0' ],
53 silly audit   'serve-static': [ '1.15.0' ],
53 silly audit   'set-function-length': [ '1.2.2' ],
53 silly audit   setprototypeof: [ '1.2.0' ],
53 silly audit   'side-channel': [ '1.0.6' ],
53 silly audit   statuses: [ '2.0.1' ],
53 silly audit   toidentifier: [ '1.0.1' ],
53 silly audit   'type-is': [ '1.6.18' ],
53 silly audit   unpipe: [ '1.0.0' ],
53 silly audit   'utils-merge': [ '1.0.1' ],
53 silly audit   vary: [ '1.1.2' ],
53 silly audit   express: [ '4.19.2' ]
53 silly audit }
54 timing reify:unpack Completed in 4ms
55 timing reify:unretire Completed in 0ms
56 timing build:queue Completed in 0ms
57 timing build:deps Completed in 1ms
58 timing build Completed in 1ms
59 timing reify:build Completed in 2ms
60 timing reify:trash Completed in 0ms
61 timing reify:save Completed in 38ms
62 http fetch POST 200 https://registry.npmjs.org/-/npm/v1/security/advisories/bulk 469ms
63 timing auditReport:getReport Completed in 475ms
64 silly audit report {}
65 timing auditReport:init Completed in 0ms
66 timing reify:audit Completed in 478ms
67 timing reify Completed in 783ms
68 timing command:install Completed in 797ms
69 verbose exit 0
70 timing npm Completed in 876ms
71 info ok
