0 verbose cli /usr/bin/node /usr/bin/npm
1 info using npm@9.2.0
2 info using node@v18.19.1
3 timing npm:load:whichnode Completed in 0ms
4 timing config:load:defaults Completed in 3ms
5 timing config:load:file:/usr/share/nodejs/npm/npmrc Completed in 13ms
6 timing config:load:builtin Completed in 13ms
7 timing config:load:cli Completed in 2ms
8 timing config:load:env Completed in 1ms
9 timing config:load:file:/home/kc2m1/todo-service/.npmrc Completed in 0ms
10 timing config:load:project Completed in 2ms
11 timing config:load:file:/home/kc2m1/.npmrc Completed in 0ms
12 timing config:load:user Completed in 1ms
13 timing config:load:file:/etc/npmrc Completed in 0ms
14 timing config:load:global Completed in 0ms
15 timing config:load:setEnvs Completed in 1ms
16 timing config:load Completed in 25ms
17 timing npm:load:configload Completed in 25ms
18 timing npm:load:mkdirpcache Completed in 1ms
19 timing npm:load:mkdirplogs Completed in 0ms
20 verbose title npm install uuid
21 verbose argv "install" "uuid"
22 timing npm:load:setTitle Completed in 2ms
23 timing config:load:flatten Completed in 7ms
24 timing npm:load:display Completed in 9ms
25 verbose logfile logs-max:10 dir:/home/kc2m1/.npm/_logs/2024-08-17T14_25_06_183Z-
26 verbose logfile /home/kc2m1/.npm/_logs/2024-08-17T14_25_06_183Z-debug-0.log
27 timing npm:load:logFile Completed in 15ms
28 timing npm:load:timers Completed in 0ms
29 timing npm:load:configScope Completed in 0ms
30 timing npm:load Completed in 53ms
31 timing config:load:flatten Completed in 2ms
32 timing arborist:ctor Completed in 2ms
33 silly logfile start cleaning logs, removing 1 files
34 silly logfile done cleaning log files
35 timing idealTree:init Completed in 121ms
36 timing idealTree:userRequests Completed in 4ms
37 silly idealTree buildDeps
38 silly fetch manifest uuid@*
39 timing arborist:ctor Completed in 0ms
40 http fetch GET 200 https://registry.npmjs.org/uuid 363ms (cache miss)
41 silly placeDep ROOT uuid@10.0.0 OK for: todo-service@1.0.0 want: *
42 timing idealTree:#root Completed in 376ms
43 timing idealTree:node_modules/uuid Completed in 0ms
44 timing idealTree:buildDeps Completed in 378ms
45 timing idealTree:fixDepFlags Completed in 1ms
46 timing idealTree Completed in 512ms
47 timing reify:loadTrees Completed in 514ms
48 timing reify:diffTrees Completed in 6ms
49 silly reify moves {}
50 timing reify:retireShallow Completed in 2ms
51 timing reify:createSparse Completed in 2ms
52 timing reify:loadBundles Completed in 0ms
53 silly audit bulk request {
53 silly audit   '@redis/bloom': [ '1.2.0' ],
53 silly audit   '@redis/client': [ '1.6.0' ],
53 silly audit   '@redis/graph': [ '1.1.1' ],
53 silly audit   '@redis/json': [ '1.0.7' ],
53 silly audit   '@redis/search': [ '1.2.0' ],
53 silly audit   '@redis/time-series': [ '1.1.0' ],
53 silly audit   accepts: [ '1.3.8' ],
53 silly audit   'array-flatten': [ '1.1.1' ],
53 silly audit   'body-parser': [ '1.20.2' ],
53 silly audit   bytes: [ '3.1.2' ],
53 silly audit   'call-bind': [ '1.0.7' ],
53 silly audit   'cluster-key-slot': [ '1.1.2' ],
53 silly audit   'content-disposition': [ '0.5.4' ],
53 silly audit   'content-type': [ '1.0.5' ],
53 silly audit   cookie: [ '0.6.0' ],
53 silly audit   'cookie-signature': [ '1.0.6' ],
53 silly audit   debug: [ '2.6.9' ],
53 silly audit   'define-data-property': [ '1.1.4' ],
53 silly audit   depd: [ '2.0.0' ],
53 silly audit   destroy: [ '1.2.0' ],
53 silly audit   dotenv: [ '16.4.5' ],
53 silly audit   'ee-first': [ '1.1.1' ],
53 silly audit   encodeurl: [ '1.0.2' ],
53 silly audit   'es-define-property': [ '1.0.0' ],
53 silly audit   'es-errors': [ '1.3.0' ],
53 silly audit   'escape-html': [ '1.0.3' ],
53 silly audit   etag: [ '1.8.1' ],
53 silly audit   express: [ '4.19.2' ],
53 silly audit   finalhandler: [ '1.2.0' ],
53 silly audit   forwarded: [ '0.2.0' ],
53 silly audit   fresh: [ '0.5.2' ],
53 silly audit   'function-bind': [ '1.1.2' ],
53 silly audit   'generic-pool': [ '3.9.0' ],
53 silly audit   'get-intrinsic': [ '1.2.4' ],
53 silly audit   gopd: [ '1.0.1' ],
53 silly audit   'has-property-descriptors': [ '1.0.2' ],
53 silly audit   'has-proto': [ '1.0.3' ],
53 silly audit   'has-symbols': [ '1.0.3' ],
53 silly audit   hasown: [ '2.0.2' ],
53 silly audit   'http-errors': [ '2.0.0' ],
53 silly audit   'iconv-lite': [ '0.4.24' ],
53 silly audit   inherits: [ '2.0.4' ],
53 silly audit   'ipaddr.js': [ '1.9.1' ],
53 silly audit   'media-typer': [ '0.3.0' ],
53 silly audit   'merge-descriptors': [ '1.0.1' ],
53 silly audit   methods: [ '1.1.2' ],
53 silly audit   mime: [ '1.6.0' ],
53 silly audit   'mime-db': [ '1.52.0' ],
53 silly audit   'mime-types': [ '2.1.35' ],
53 silly audit   ms: [ '2.0.0', '2.1.3' ],
53 silly audit   negotiator: [ '0.6.3' ],
53 silly audit   node: [ '22.6.0' ],
53 silly audit   'node-bin-setup': [ '1.1.3' ],
53 silly audit   'object-inspect': [ '1.13.2' ],
53 silly audit   'on-finished': [ '2.4.1' ],
53 silly audit   parseurl: [ '1.3.3' ],
53 silly audit   'path-to-regexp': [ '0.1.7' ],
53 silly audit   'proxy-addr': [ '2.0.7' ],
53 silly audit   qs: [ '6.11.0' ],
53 silly audit   'range-parser': [ '1.2.1' ],
53 silly audit   'raw-body': [ '2.5.2' ],
53 silly audit   redis: [ '4.7.0' ],
53 silly audit   'safe-buffer': [ '5.2.1' ],
53 silly audit   'safer-buffer': [ '2.1.2' ],
53 silly audit   send: [ '0.18.0' ],
53 silly audit   'serve-static': [ '1.15.0' ],
53 silly audit   'set-function-length': [ '1.2.2' ],
53 silly audit   setprototypeof: [ '1.2.0' ],
53 silly audit   'side-channel': [ '1.0.6' ],
53 silly audit   statuses: [ '2.0.1' ],
53 silly audit   toidentifier: [ '1.0.1' ],
53 silly audit   'type-is': [ '1.6.18' ],
53 silly audit   unpipe: [ '1.0.0' ],
53 silly audit   'utils-merge': [ '1.0.1' ],
53 silly audit   vary: [ '1.1.2' ],
53 silly audit   yallist: [ '4.0.0' ],
53 silly audit   uuid: [ '10.0.0' ]
53 silly audit }
54 silly tarball no local data for uuid@https://registry.npmjs.org/uuid/-/uuid-10.0.0.tgz. Extracting by manifest.
55 http fetch GET 200 https://registry.npmjs.org/uuid/-/uuid-10.0.0.tgz 210ms (cache miss)
56 timing reifyNode:node_modules/uuid Completed in 223ms
57 timing reify:unpack Completed in 223ms
58 timing reify:unretire Completed in 1ms
59 timing build:queue Completed in 1ms
60 timing build:link:node_modules/uuid Completed in 5ms
61 timing build:link Completed in 6ms
62 timing build:deps Completed in 7ms
63 timing build Completed in 7ms
64 timing reify:build Completed in 8ms
65 timing reify:trash Completed in 0ms
66 http fetch POST 200 https://registry.npmjs.org/-/npm/v1/security/advisories/bulk 281ms
67 timing auditReport:getReport Completed in 289ms
68 silly audit report {}
69 timing auditReport:init Completed in 0ms
70 timing reify:audit Completed in 290ms
71 timing reify:save Completed in 49ms
72 timing reify Completed in 848ms
73 silly ADD node_modules/uuid
74 timing command:install Completed in 865ms
75 verbose exit 0
76 timing npm Completed in 937ms
77 info ok
