0 verbose cli /usr/bin/node /usr/bin/npm
1 info using npm@9.2.0
2 info using node@v18.19.1
3 timing npm:load:whichnode Completed in 0ms
4 timing config:load:defaults Completed in 3ms
5 timing config:load:file:/usr/share/nodejs/npm/npmrc Completed in 16ms
6 timing config:load:builtin Completed in 16ms
7 timing config:load:cli Completed in 3ms
8 timing config:load:env Completed in 0ms
9 timing config:load:file:/home/kc2m1/api-gateway/.npmrc Completed in 0ms
10 timing config:load:project Completed in 12ms
11 timing config:load:file:/home/kc2m1/.npmrc Completed in 0ms
12 timing config:load:user Completed in 1ms
13 timing config:load:file:/etc/npmrc Completed in 0ms
14 timing config:load:global Completed in 0ms
15 timing config:load:setEnvs Completed in 2ms
16 timing config:load Completed in 37ms
17 timing npm:load:configload Completed in 38ms
18 timing npm:load:mkdirpcache Completed in 0ms
19 timing npm:load:mkdirplogs Completed in 0ms
20 verbose title npm install axios
21 verbose argv "install" "axios"
22 timing npm:load:setTitle Completed in 2ms
23 timing config:load:flatten Completed in 7ms
24 timing npm:load:display Completed in 8ms
25 verbose logfile logs-max:10 dir:/home/kc2m1/.npm/_logs/2024-08-18T05_08_02_776Z-
26 verbose logfile /home/kc2m1/.npm/_logs/2024-08-18T05_08_02_776Z-debug-0.log
27 timing npm:load:logFile Completed in 13ms
28 timing npm:load:timers Completed in 0ms
29 timing npm:load:configScope Completed in 0ms
30 timing npm:load Completed in 63ms
31 silly logfile start cleaning logs, removing 1 files
32 timing config:load:flatten Completed in 1ms
33 timing arborist:ctor Completed in 2ms
34 silly logfile done cleaning log files
35 timing idealTree:init Completed in 150ms
36 timing idealTree:userRequests Completed in 3ms
37 silly idealTree buildDeps
38 silly fetch manifest axios@*
39 timing arborist:ctor Completed in 1ms
40 http fetch GET 200 https://registry.npmjs.org/axios 332ms (cache miss)
41 silly placeDep ROOT axios@1.7.4 OK for: api-gateway@1.0.0 want: *
42 silly fetch manifest follow-redirects@^1.15.6
43 silly fetch manifest form-data@^4.0.0
44 silly fetch manifest proxy-from-env@^1.1.0
45 http fetch GET 200 https://registry.npmjs.org/follow-redirects 57ms (cache miss)
46 http fetch GET 200 https://registry.npmjs.org/form-data 106ms (cache miss)
47 http fetch GET 200 https://registry.npmjs.org/proxy-from-env 205ms (cache miss)
48 timing idealTree:#root Completed in 558ms
49 silly placeDep ROOT follow-redirects@1.15.6 OK for: axios@1.7.4 want: ^1.15.6
50 silly placeDep ROOT form-data@4.0.0 OK for: axios@1.7.4 want: ^4.0.0
51 silly placeDep ROOT proxy-from-env@1.1.0 OK for: axios@1.7.4 want: ^1.1.0
52 silly fetch manifest asynckit@^0.4.0
53 silly fetch manifest combined-stream@^1.0.8
54 http fetch GET 200 https://registry.npmjs.org/asynckit 50ms (cache miss)
55 http fetch GET 200 https://registry.npmjs.org/combined-stream 52ms (cache miss)
56 timing idealTree:node_modules/axios Completed in 64ms
57 timing idealTree:node_modules/follow-redirects Completed in 0ms
58 silly placeDep ROOT asynckit@0.4.0 OK for: form-data@4.0.0 want: ^0.4.0
59 silly placeDep ROOT combined-stream@1.0.8 OK for: form-data@4.0.0 want: ^1.0.8
60 silly fetch manifest delayed-stream@~1.0.0
61 http fetch GET 200 https://registry.npmjs.org/delayed-stream 47ms (cache miss)
62 timing idealTree:node_modules/form-data Completed in 53ms
63 timing idealTree:node_modules/asynckit Completed in 0ms
64 silly placeDep ROOT delayed-stream@1.0.0 OK for: combined-stream@1.0.8 want: ~1.0.0
65 timing idealTree:node_modules/combined-stream Completed in 2ms
66 timing idealTree:node_modules/delayed-stream Completed in 0ms
67 timing idealTree:node_modules/proxy-from-env Completed in 0ms
68 timing idealTree:buildDeps Completed in 680ms
69 timing idealTree:fixDepFlags Completed in 2ms
70 timing idealTree Completed in 842ms
71 timing reify:loadTrees Completed in 843ms
72 timing reify:diffTrees Completed in 6ms
73 silly reify moves {}
74 timing reify:retireShallow Completed in 2ms
75 timing reify:createSparse Completed in 9ms
76 timing reify:loadBundles Completed in 0ms
77 silly audit bulk request {
77 silly audit   accepts: [ '1.3.8' ],
77 silly audit   'array-flatten': [ '1.1.1' ],
77 silly audit   'body-parser': [ '1.20.2' ],
77 silly audit   bytes: [ '3.1.2' ],
77 silly audit   'call-bind': [ '1.0.7' ],
77 silly audit   'content-disposition': [ '0.5.4' ],
77 silly audit   'content-type': [ '1.0.5' ],
77 silly audit   cookie: [ '0.6.0' ],
77 silly audit   'cookie-signature': [ '1.0.6' ],
77 silly audit   debug: [ '2.6.9' ],
77 silly audit   'define-data-property': [ '1.1.4' ],
77 silly audit   depd: [ '2.0.0' ],
77 silly audit   destroy: [ '1.2.0' ],
77 silly audit   dotenv: [ '16.4.5' ],
77 silly audit   'ee-first': [ '1.1.1' ],
77 silly audit   encodeurl: [ '1.0.2' ],
77 silly audit   'es-define-property': [ '1.0.0' ],
77 silly audit   'es-errors': [ '1.3.0' ],
77 silly audit   'escape-html': [ '1.0.3' ],
77 silly audit   etag: [ '1.8.1' ],
77 silly audit   express: [ '4.19.2' ],
77 silly audit   finalhandler: [ '1.2.0' ],
77 silly audit   forwarded: [ '0.2.0' ],
77 silly audit   fresh: [ '0.5.2' ],
77 silly audit   'function-bind': [ '1.1.2' ],
77 silly audit   'get-intrinsic': [ '1.2.4' ],
77 silly audit   gopd: [ '1.0.1' ],
77 silly audit   'has-property-descriptors': [ '1.0.2' ],
77 silly audit   'has-proto': [ '1.0.3' ],
77 silly audit   'has-symbols': [ '1.0.3' ],
77 silly audit   hasown: [ '2.0.2' ],
77 silly audit   'http-errors': [ '2.0.0' ],
77 silly audit   'iconv-lite': [ '0.4.24' ],
77 silly audit   inherits: [ '2.0.4' ],
77 silly audit   'ipaddr.js': [ '1.9.1' ],
77 silly audit   'media-typer': [ '0.3.0' ],
77 silly audit   'merge-descriptors': [ '1.0.1' ],
77 silly audit   methods: [ '1.1.2' ],
77 silly audit   mime: [ '1.6.0' ],
77 silly audit   'mime-db': [ '1.52.0' ],
77 silly audit   'mime-types': [ '2.1.35' ],
77 silly audit   ms: [ '2.0.0', '2.1.3' ],
77 silly audit   negotiator: [ '0.6.3' ],
77 silly audit   'object-inspect': [ '1.13.2' ],
77 silly audit   'on-finished': [ '2.4.1' ],
77 silly audit   parseurl: [ '1.3.3' ],
77 silly audit   'path-to-regexp': [ '0.1.7' ],
77 silly audit   'proxy-addr': [ '2.0.7' ],
77 silly audit   qs: [ '6.11.0' ],
77 silly audit   'range-parser': [ '1.2.1' ],
77 silly audit   'raw-body': [ '2.5.2' ],
77 silly audit   'safe-buffer': [ '5.2.1' ],
77 silly audit   'safer-buffer': [ '2.1.2' ],
77 silly audit   send: [ '0.18.0' ],
77 silly audit   'serve-static': [ '1.15.0' ],
77 silly audit   'set-function-length': [ '1.2.2' ],
77 silly audit   setprototypeof: [ '1.2.0' ],
77 silly audit   'side-channel': [ '1.0.6' ],
77 silly audit   statuses: [ '2.0.1' ],
77 silly audit   toidentifier: [ '1.0.1' ],
77 silly audit   'type-is': [ '1.6.18' ],
77 silly audit   unpipe: [ '1.0.0' ],
77 silly audit   'utils-merge': [ '1.0.1' ],
77 silly audit   vary: [ '1.1.2' ],
77 silly audit   axios: [ '1.7.4' ],
77 silly audit   'follow-redirects': [ '1.15.6' ],
77 silly audit   'form-data': [ '4.0.0' ],
77 silly audit   'proxy-from-env': [ '1.1.0' ],
77 silly audit   asynckit: [ '0.4.0' ],
77 silly audit   'combined-stream': [ '1.0.8' ],
77 silly audit   'delayed-stream': [ '1.0.0' ]
77 silly audit }
78 silly tarball no local data for delayed-stream@https://registry.npmjs.org/delayed-stream/-/delayed-stream-1.0.0.tgz. Extracting by manifest.
79 silly tarball no local data for combined-stream@https://registry.npmjs.org/combined-stream/-/combined-stream-1.0.8.tgz. Extracting by manifest.
80 silly tarball no local data for asynckit@https://registry.npmjs.org/asynckit/-/asynckit-0.4.0.tgz. Extracting by manifest.
81 silly tarball no local data for proxy-from-env@https://registry.npmjs.org/proxy-from-env/-/proxy-from-env-1.1.0.tgz. Extracting by manifest.
82 silly tarball no local data for form-data@https://registry.npmjs.org/form-data/-/form-data-4.0.0.tgz. Extracting by manifest.
83 silly tarball no local data for follow-redirects@https://registry.npmjs.org/follow-redirects/-/follow-redirects-1.15.6.tgz. Extracting by manifest.
84 silly tarball no local data for axios@https://registry.npmjs.org/axios/-/axios-1.7.4.tgz. Extracting by manifest.
85 http fetch GET 200 https://registry.npmjs.org/delayed-stream/-/delayed-stream-1.0.0.tgz 157ms (cache miss)
86 timing reifyNode:node_modules/delayed-stream Completed in 216ms
87 http fetch GET 200 https://registry.npmjs.org/combined-stream/-/combined-stream-1.0.8.tgz 170ms (cache miss)
88 timing reifyNode:node_modules/combined-stream Completed in 223ms
89 http fetch GET 200 https://registry.npmjs.org/proxy-from-env/-/proxy-from-env-1.1.0.tgz 200ms (cache miss)
90 timing reifyNode:node_modules/proxy-from-env Completed in 255ms
91 http fetch GET 200 https://registry.npmjs.org/form-data/-/form-data-4.0.0.tgz 198ms (cache miss)
92 timing reifyNode:node_modules/form-data Completed in 256ms
93 http fetch GET 200 https://registry.npmjs.org/follow-redirects/-/follow-redirects-1.15.6.tgz 201ms (cache miss)
94 timing reifyNode:node_modules/follow-redirects Completed in 260ms
95 http fetch GET 200 https://registry.npmjs.org/asynckit/-/asynckit-0.4.0.tgz 211ms (cache miss)
96 timing reifyNode:node_modules/asynckit Completed in 270ms
97 http fetch POST 200 https://registry.npmjs.org/-/npm/v1/security/advisories/bulk 284ms
98 timing auditReport:getReport Completed in 290ms
99 silly audit report {}
100 timing auditReport:init Completed in 0ms
101 timing reify:audit Completed in 293ms
102 http fetch GET 200 https://registry.npmjs.org/axios/-/axios-1.7.4.tgz 333ms (cache miss)
103 timing reifyNode:node_modules/axios Completed in 394ms
104 timing reify:unpack Completed in 396ms
105 timing reify:unretire Completed in 1ms
106 timing build:queue Completed in 1ms
107 timing build:deps Completed in 2ms
108 timing build Completed in 2ms
109 timing reify:build Completed in 3ms
110 timing reify:trash Completed in 0ms
111 timing reify:save Completed in 45ms
112 timing reify Completed in 1349ms
113 silly ADD node_modules/delayed-stream
114 silly ADD node_modules/combined-stream
115 silly ADD node_modules/asynckit
116 silly ADD node_modules/proxy-from-env
117 silly ADD node_modules/form-data
118 silly ADD node_modules/follow-redirects
119 silly ADD node_modules/axios
120 timing command:install Completed in 1366ms
121 verbose exit 0
122 timing npm Completed in 1455ms
123 info ok
