0 verbose cli /usr/bin/node /usr/bin/npm
1 info using npm@9.2.0
2 info using node@v18.19.1
3 timing npm:load:whichnode Completed in 0ms
4 timing config:load:defaults Completed in 3ms
5 timing config:load:file:/usr/share/nodejs/npm/npmrc Completed in 18ms
6 timing config:load:builtin Completed in 18ms
7 timing config:load:cli Completed in 2ms
8 timing config:load:env Completed in 1ms
9 timing config:load:file:/home/kc2m1/todo-service/.npmrc Completed in 0ms
10 timing config:load:project Completed in 2ms
11 timing config:load:file:/home/kc2m1/.npmrc Completed in 0ms
12 timing config:load:user Completed in 1ms
13 timing config:load:file:/etc/npmrc Completed in 0ms
14 timing config:load:global Completed in 0ms
15 timing config:load:setEnvs Completed in 2ms
16 timing config:load Completed in 29ms
17 timing npm:load:configload Completed in 29ms
18 timing npm:load:mkdirpcache Completed in 1ms
19 timing npm:load:mkdirplogs Completed in 0ms
20 verbose title npm install node
21 verbose argv "install" "node"
22 timing npm:load:setTitle Completed in 2ms
23 timing config:load:flatten Completed in 7ms
24 timing npm:load:display Completed in 8ms
25 verbose logfile logs-max:10 dir:/home/kc2m1/.npm/_logs/2024-08-17T13_55_29_549Z-
26 verbose logfile /home/kc2m1/.npm/_logs/2024-08-17T13_55_29_549Z-debug-0.log
27 timing npm:load:logFile Completed in 15ms
28 timing npm:load:timers Completed in 0ms
29 timing npm:load:configScope Completed in 0ms
30 timing npm:load Completed in 58ms
31 silly logfile start cleaning logs, removing 1 files
32 timing config:load:flatten Completed in 0ms
33 timing arborist:ctor Completed in 1ms
34 silly logfile done cleaning log files
35 timing idealTree:init Completed in 108ms
36 timing idealTree:userRequests Completed in 3ms
37 silly idealTree buildDeps
38 silly fetch manifest node@*
39 timing arborist:ctor Completed in 1ms
40 http fetch GET 200 https://registry.npmjs.org/node 1223ms (cache miss)
41 silly placeDep ROOT node@22.6.0 OK for: todo-service@1.0.0 want: *
42 silly fetch manifest node-bin-setup@^1.0.0
43 http fetch GET 200 https://registry.npmjs.org/node-bin-setup 963ms (cache miss)
44 timing idealTree:#root Completed in 2209ms
45 silly placeDep ROOT node-bin-setup@1.1.3 OK for: node@22.6.0 want: ^1.0.0
46 timing idealTree:node_modules/node Completed in 3ms
47 timing idealTree:node_modules/node-bin-setup Completed in 0ms
48 timing idealTree:buildDeps Completed in 2215ms
49 timing idealTree:fixDepFlags Completed in 2ms
50 timing idealTree Completed in 2333ms
51 timing reify:loadTrees Completed in 2335ms
52 timing reify:diffTrees Completed in 5ms
53 silly reify moves {}
54 timing reify:retireShallow Completed in 2ms
55 timing reify:createSparse Completed in 1ms
56 timing reify:loadBundles Completed in 0ms
57 silly audit bulk request {
57 silly audit   accepts: [ '1.3.8' ],
57 silly audit   'array-flatten': [ '1.1.1' ],
57 silly audit   'body-parser': [ '1.20.2' ],
57 silly audit   bytes: [ '3.1.2' ],
57 silly audit   'call-bind': [ '1.0.7' ],
57 silly audit   'content-disposition': [ '0.5.4' ],
57 silly audit   'content-type': [ '1.0.5' ],
57 silly audit   cookie: [ '0.6.0' ],
57 silly audit   'cookie-signature': [ '1.0.6' ],
57 silly audit   debug: [ '2.6.9' ],
57 silly audit   'define-data-property': [ '1.1.4' ],
57 silly audit   depd: [ '2.0.0' ],
57 silly audit   destroy: [ '1.2.0' ],
57 silly audit   'ee-first': [ '1.1.1' ],
57 silly audit   encodeurl: [ '1.0.2' ],
57 silly audit   'es-define-property': [ '1.0.0' ],
57 silly audit   'es-errors': [ '1.3.0' ],
57 silly audit   'escape-html': [ '1.0.3' ],
57 silly audit   etag: [ '1.8.1' ],
57 silly audit   express: [ '4.19.2' ],
57 silly audit   finalhandler: [ '1.2.0' ],
57 silly audit   forwarded: [ '0.2.0' ],
57 silly audit   fresh: [ '0.5.2' ],
57 silly audit   'function-bind': [ '1.1.2' ],
57 silly audit   'get-intrinsic': [ '1.2.4' ],
57 silly audit   gopd: [ '1.0.1' ],
57 silly audit   'has-property-descriptors': [ '1.0.2' ],
57 silly audit   'has-proto': [ '1.0.3' ],
57 silly audit   'has-symbols': [ '1.0.3' ],
57 silly audit   hasown: [ '2.0.2' ],
57 silly audit   'http-errors': [ '2.0.0' ],
57 silly audit   'iconv-lite': [ '0.4.24' ],
57 silly audit   inherits: [ '2.0.4' ],
57 silly audit   'ipaddr.js': [ '1.9.1' ],
57 silly audit   'media-typer': [ '0.3.0' ],
57 silly audit   'merge-descriptors': [ '1.0.1' ],
57 silly audit   methods: [ '1.1.2' ],
57 silly audit   mime: [ '1.6.0' ],
57 silly audit   'mime-db': [ '1.52.0' ],
57 silly audit   'mime-types': [ '2.1.35' ],
57 silly audit   ms: [ '2.0.0', '2.1.3' ],
57 silly audit   negotiator: [ '0.6.3' ],
57 silly audit   'object-inspect': [ '1.13.2' ],
57 silly audit   'on-finished': [ '2.4.1' ],
57 silly audit   parseurl: [ '1.3.3' ],
57 silly audit   'path-to-regexp': [ '0.1.7' ],
57 silly audit   'proxy-addr': [ '2.0.7' ],
57 silly audit   qs: [ '6.11.0' ],
57 silly audit   'range-parser': [ '1.2.1' ],
57 silly audit   'raw-body': [ '2.5.2' ],
57 silly audit   'safe-buffer': [ '5.2.1' ],
57 silly audit   'safer-buffer': [ '2.1.2' ],
57 silly audit   send: [ '0.18.0' ],
57 silly audit   'serve-static': [ '1.15.0' ],
57 silly audit   'set-function-length': [ '1.2.2' ],
57 silly audit   setprototypeof: [ '1.2.0' ],
57 silly audit   'side-channel': [ '1.0.6' ],
57 silly audit   statuses: [ '2.0.1' ],
57 silly audit   toidentifier: [ '1.0.1' ],
57 silly audit   'type-is': [ '1.6.18' ],
57 silly audit   unpipe: [ '1.0.0' ],
57 silly audit   'utils-merge': [ '1.0.1' ],
57 silly audit   vary: [ '1.1.2' ],
57 silly audit   node: [ '22.6.0' ],
57 silly audit   'node-bin-setup': [ '1.1.3' ]
57 silly audit }
58 silly tarball no local data for node-bin-setup@https://registry.npmjs.org/node-bin-setup/-/node-bin-setup-1.1.3.tgz. Extracting by manifest.
59 silly tarball no local data for node@https://registry.npmjs.org/node/-/node-22.6.0.tgz. Extracting by manifest.
60 http fetch GET 200 https://registry.npmjs.org/node/-/node-22.6.0.tgz 85ms (cache miss)
61 timing reifyNode:node_modules/node Completed in 100ms
62 http fetch GET 200 https://registry.npmjs.org/node-bin-setup/-/node-bin-setup-1.1.3.tgz 92ms (cache miss)
63 timing reifyNode:node_modules/node-bin-setup Completed in 106ms
64 timing reify:unpack Completed in 106ms
65 timing reify:unretire Completed in 0ms
66 timing build:queue Completed in 3ms
67 info run node@22.6.0 preinstall node_modules/node node installArchSpecificPackage
68 http fetch POST 200 https://registry.npmjs.org/-/npm/v1/security/advisories/bulk 295ms
69 timing auditReport:getReport Completed in 301ms
70 silly audit report {}
71 timing auditReport:init Completed in 0ms
72 timing reify:audit Completed in 302ms
73 info run node@22.6.0 preinstall { code: 0, signal: null }
74 timing build:run:preinstall:node_modules/node Completed in 17658ms
75 timing build:run:preinstall Completed in 17659ms
76 timing build:link:node_modules/node Completed in 7ms
77 timing build:link Completed in 7ms
78 timing build:deps Completed in 17670ms
79 timing build Completed in 17671ms
80 timing reify:build Completed in 17671ms
81 timing reify:trash Completed in 0ms
82 timing reify:save Completed in 42ms
83 timing reify Completed in 20200ms
84 silly ADD node_modules/node-bin-setup
85 silly ADD node_modules/node
86 timing command:install Completed in 20215ms
87 verbose exit 0
88 timing npm Completed in 20298ms
89 info ok
