2024-08-15 05:37:18.120 [info] [main] Log level: Info
2024-08-15 05:37:18.120 [info] [main] Validating found git in: "git"
2024-08-15 05:37:18.121 [info] [main] Using git "2.43.0" from "git"
2024-08-15 05:37:18.121 [info] [Model][doInitialScan] Initial repository scan started
2024-08-15 05:37:18.121 [info] > git rev-parse --show-toplevel [10ms]
2024-08-15 05:37:18.121 [info] fatal: not a git repository (or any of the parent directories): .git
2024-08-15 05:37:18.122 [info] > git rev-parse --show-toplevel [4ms]
2024-08-15 05:37:18.122 [info] fatal: not a git repository (or any of the parent directories): .git
2024-08-15 05:37:18.128 [info] > git rev-parse --show-toplevel [1ms]
2024-08-15 05:37:18.128 [info] fatal: not a git repository (or any of the parent directories): .git
2024-08-15 05:37:18.134 [info] > git rev-parse --show-toplevel [0ms]
2024-08-15 05:37:18.134 [info] fatal: not a git repository (or any of the parent directories): .git
2024-08-15 05:37:18.139 [info] > git rev-parse --show-toplevel [1ms]
2024-08-15 05:37:18.139 [info] fatal: not a git repository (or any of the parent directories): .git
2024-08-15 05:37:18.144 [info] > git rev-parse --show-toplevel [0ms]
2024-08-15 05:37:18.144 [info] fatal: not a git repository (or any of the parent directories): .git
2024-08-15 05:37:18.149 [info] [Model][doInitialScan] Initial repository scan completed - repositories (0), closed repositories (0), parent repositories (0), unsafe repositories (0)
2024-08-15 05:43:36.316 [info] > git rev-parse --show-toplevel [2ms]
2024-08-15 05:43:36.316 [info] fatal: not a git repository (or any of the parent directories): .git
2024-08-15 05:43:54.274 [info] > git rev-parse --show-toplevel [9ms]
2024-08-15 05:43:54.274 [info] fatal: not a git repository (or any of the parent directories): .git
2024-08-15 05:43:56.220 [info] > git rev-parse --show-toplevel [5ms]
2024-08-15 05:43:56.220 [info] fatal: not a git repository (or any of the parent directories): .git
2024-08-15 05:50:20.898 [info] > git rev-parse --show-toplevel [2ms]
2024-08-15 05:50:20.898 [info] fatal: not a git repository (or any of the parent directories): .git
2024-08-15 05:50:33.357 [info] > git rev-parse --show-toplevel [4ms]
2024-08-15 05:50:33.357 [info] fatal: not a git repository (or any of the parent directories): .git
2024-08-15 05:53:19.584 [info] > git rev-parse --show-toplevel [3ms]
2024-08-15 05:53:19.585 [info] fatal: not a git repository (or any of the parent directories): .git
2024-08-15 05:53:34.084 [info] > git rev-parse --show-toplevel [2ms]
2024-08-15 05:53:34.084 [info] fatal: not a git repository (or any of the parent directories): .git
